\BOOKMARK [0][-]{chapter*.1}{\376\377\000T\000a\000b\000l\000e\000\040\000o\000f\000\040\000c\000o\000n\000t\000e\000n\000t\000s}{}% 1
\BOOKMARK [0][-]{chapter.1}{\376\377\000I\000n\000s\000t\000a\000l\000l\000a\000t\000i\000o\000n}{}% 2
\BOOKMARK [1][-]{section.1.1}{\376\377\000P\000r\000e\000r\000e\000q\000u\000i\000s\000i\000t\000e\000s}{chapter.1}% 3
\BOOKMARK [1][-]{section.1.2}{\376\377\000D\000o\000w\000n\000l\000o\000a\000d\000\040\000f\000r\000o\000m\000\040\000G\000i\000t\000H\000u\000b}{chapter.1}% 4
\BOOKMARK [2][-]{subsection.1.2.1}{\376\377\000C\000l\000o\000n\000e}{section.1.2}% 5
\BOOKMARK [2][-]{subsection.1.2.2}{\376\377\000C\000h\000o\000o\000s\000e\000\040\000b\000r\000a\000n\000c\000h}{section.1.2}% 6
\BOOKMARK [1][-]{section.1.3}{\376\377\000S\000e\000t\000u\000p}{chapter.1}% 7
\BOOKMARK [2][-]{subsection.1.3.1}{\376\377\000R\000u\000n\000\040\000t\000h\000e\000\040\000i\000n\000s\000t\000a\000l\000l\000a\000t\000i\000o\000n\000\040\000s\000c\000r\000i\000p\000t}{section.1.3}% 8
\BOOKMARK [2][-]{subsection.1.3.2}{\376\377\000S\000t\000e\000p\000-\000b\000y\000-\000s\000t\000e\000p\000\040\000g\000u\000i\000d\000e}{section.1.3}% 9
\BOOKMARK [2][-]{subsection.1.3.3}{\376\377\000A\000d\000d\000i\000t\000i\000o\000n\000a\000l\000\040\000o\000p\000t\000i\000o\000n\000s}{section.1.3}% 10
\BOOKMARK [1][-]{section.1.4}{\376\377\000U\000p\000d\000a\000t\000i\000n\000g\000\040\000f\000r\000o\000m\000\040\000g\000i\000t\000h\000u\000b}{chapter.1}% 11
\BOOKMARK [0][-]{chapter.2}{\376\377\000U\000s\000i\000n\000g\000\040\000A\000P\000E\000R\000O}{}% 12
\BOOKMARK [0][-]{chapter.3}{\376\377\000K\000n\000o\000w\000n\000\040\000I\000s\000s\000u\000e\000s}{}% 13
\BOOKMARK [0][-]{chapter.4}{\376\377\000T\000O\000D\000O}{}% 14
\BOOKMARK [0][-]{chapter.5}{\376\377\000T\000h\000e\000\040\000r\000e\000c\000i\000p\000e\000s}{}% 15
\BOOKMARK [0][-]{chapter.6}{\376\377\000T\000h\000e\000\040\000T\000o\000o\000l\000s}{}% 16
\BOOKMARK [0][-]{chapter.7}{\376\377\000D\000e\000v\000e\000l\000o\000p\000e\000r\000\040\000g\000u\000i\000d\000e}{}% 17
\BOOKMARK [1][-]{section.7.1}{\376\377\000D\000e\000v\000e\000l\000o\000p\000e\000r\000\040\000h\000o\000w\000\040\000t\000o\000\040\000g\000u\000i\000d\000e}{chapter.7}% 18
\BOOKMARK [2][-]{subsection.7.1.1}{\376\377\000A\000d\000d\000i\000n\000g\000\040\000a\000\040\000n\000e\000w\000\040\000c\000o\000n\000s\000t\000a\000n\000t}{section.7.1}% 19
\BOOKMARK [2][-]{subsection.7.1.2}{\376\377\000A\000d\000d\000i\000n\000g\000\040\000a\000\040\000n\000e\000w\000\040\000k\000e\000y\000w\000o\000r\000d}{section.7.1}% 20
\BOOKMARK [2][-]{subsection.7.1.3}{\376\377\000A\000d\000d\000i\000n\000g\000\040\000a\000\040\000n\000e\000w\000\040\000r\000e\000c\000i\000p\000e}{section.7.1}% 21
\BOOKMARK [2][-]{subsection.7.1.4}{\376\377\000A\000d\000d\000i\000n\000g\000\040\000a\000\040\000n\000e\000w\000\040\000f\000i\000l\000e\000t\000y\000p\000e}{section.7.1}% 22
\BOOKMARK [2][-]{subsection.7.1.5}{\376\377\000A\000d\000d\000i\000n\000g\000\040\000a\000\040\000n\000e\000w\000\040\000p\000l\000o\000t}{section.7.1}% 23
\BOOKMARK [0][-]{chapter.8}{\376\377\000O\000t\000h\000e\000r}{}% 24
\BOOKMARK [1][-]{section.8.1}{\376\377\000C\000o\000n\000s\000t\000a\000n\000t\000s}{chapter.8}% 25
\BOOKMARK [1][-]{section.8.2}{\376\377\000G\000l\000o\000s\000s\000a\000r\000y}{chapter.8}% 26
