\BOOKMARK [0][-]{chapter*.1}{\376\377\000T\000a\000b\000l\000e\000\040\000o\000f\000\040\000c\000o\000n\000t\000e\000n\000t\000s}{}% 1
\BOOKMARK [0][-]{chapter.1}{\376\377\000L\000a\000t\000e\000s\000t\000\040\000v\000e\000r\000s\000i\000o\000n\000:\000\040\0000\000.\0006\000.\0000\0001\0006}{}% 2
\BOOKMARK [1][-]{section.1.1}{\376\377\000G\000e\000n\000e\000r\000a\000l\000\040\000U\000s\000e\000r\000\040\000d\000o\000c\000u\000m\000e\000n\000t\000a\000t\000i\000o\000n}{chapter.1}% 3
\BOOKMARK [2][-]{subsection.1.1.1}{\376\377\000I\000n\000s\000t\000a\000l\000l\000a\000t\000i\000o\000n}{section.1.1}% 4
\BOOKMARK [2][-]{subsection.1.1.2}{\376\377\000U\000s\000i\000n\000g\000\040\000A\000P\000E\000R\000O\000\040\000w\000i\000t\000h\000\040\000S\000P\000I\000R\000o\000u}{section.1.1}% 5
\BOOKMARK [2][-]{subsection.1.1.3}{\376\377\000K\000n\000o\000w\000n\000\040\000I\000s\000s\000u\000e\000s}{section.1.1}% 6
\BOOKMARK [2][-]{subsection.1.1.4}{\376\377\000T\000O\000D\000O}{section.1.1}% 7
\BOOKMARK [2][-]{subsection.1.1.5}{\376\377\000G\000e\000n\000e\000r\000a\000l\000\040\000T\000o\000o\000l\000s}{section.1.1}% 8
\BOOKMARK [1][-]{section.1.2}{\376\377\000S\000P\000I\000R\000o\000u\000\040\000d\000o\000c\000u\000m\000e\000n\000t\000a\000t\000i\000o\000n}{chapter.1}% 9
\BOOKMARK [2][-]{subsection.1.2.1}{\376\377\000U\000s\000i\000n\000g\000\040\000A\000P\000E\000R\000O\000\040\000w\000i\000t\000h\000\040\000S\000P\000I\000R\000o\000u}{section.1.2}% 10
\BOOKMARK [2][-]{subsection.1.2.2}{\376\377\000S\000P\000I\000R\000o\000u\000\040\000R\000e\000c\000i\000p\000e\000s}{section.1.2}% 11
\BOOKMARK [2][-]{subsection.1.2.3}{\376\377\000S\000P\000I\000R\000o\000u\000\040\000T\000o\000o\000l\000s}{section.1.2}% 12
\BOOKMARK [1][-]{section.1.3}{\376\377\000D\000e\000v\000e\000l\000o\000p\000e\000r\000\040\000h\000o\000w\000\040\000t\000o\000\040\000g\000u\000i\000d\000e}{chapter.1}% 13
\BOOKMARK [2][-]{subsection.1.3.1}{\376\377\000A\000d\000d\000i\000n\000g\000\040\000a\000\040\000n\000e\000w\000\040\000c\000o\000n\000s\000t\000a\000n\000t}{section.1.3}% 14
\BOOKMARK [2][-]{subsection.1.3.2}{\376\377\000A\000d\000d\000i\000n\000g\000\040\000a\000\040\000n\000e\000w\000\040\000k\000e\000y\000w\000o\000r\000d}{section.1.3}% 15
\BOOKMARK [2][-]{subsection.1.3.3}{\376\377\000A\000d\000d\000i\000n\000g\000\040\000a\000\040\000n\000e\000w\000\040\000r\000e\000c\000i\000p\000e}{section.1.3}% 16
\BOOKMARK [2][-]{subsection.1.3.4}{\376\377\000A\000d\000d\000i\000n\000g\000\040\000a\000\040\000n\000e\000w\000\040\000f\000i\000l\000e\000t\000y\000p\000e}{section.1.3}% 17
\BOOKMARK [2][-]{subsection.1.3.5}{\376\377\000A\000d\000d\000i\000n\000g\000\040\000a\000\040\000n\000e\000w\000\040\000p\000l\000o\000t}{section.1.3}% 18
\BOOKMARK [0][-]{chapter.2}{\376\377\000O\000t\000h\000e\000r}{}% 19
\BOOKMARK [1][-]{section.2.1}{\376\377\000R\000e\000c\000o\000m\000m\000e\000n\000d\000e\000d\000\040\000p\000y\000t\000h\000o\000n\000\040\000i\000n\000s\000t\000a\000l\000l\000a\000t\000i\000o\000n}{chapter.2}% 20
\BOOKMARK [1][-]{section.2.2}{\376\377\000C\000o\000n\000s\000t\000a\000n\000t\000s}{chapter.2}% 21
\BOOKMARK [1][-]{section.2.3}{\376\377\000G\000l\000o\000s\000s\000a\000r\000y}{chapter.2}% 22
\BOOKMARK [1][-]{section.2.4}{\376\377\000C\000h\000a\000n\000g\000e\000l\000o\000g}{chapter.2}% 23
\BOOKMARK [2][-]{subsection.2.4.1}{\376\377\0000\000.\0006\000.\0000\0001\0006\000\040\000\050\0002\0000\0002\0000\000-\0000\0001\000-\0000\0007\000\051}{section.2.4}% 24
\BOOKMARK [2][-]{subsection.2.4.2}{\376\377\0000\000.\0006\000.\0000\0001\0005\000\040\000\050\0002\0000\0002\0000\000-\0000\0001\000-\0000\0004\000\051}{section.2.4}% 25
\BOOKMARK [2][-]{subsection.2.4.3}{\376\377\0000\000.\0006\000.\0000\0001\0004\000\040\000\050\0002\0000\0002\0000\000-\0000\0001\000-\0000\0003\000\051}{section.2.4}% 26
\BOOKMARK [2][-]{subsection.2.4.4}{\376\377\0000\000.\0006\000.\0000\0001\0003\000\040\000\050\0002\0000\0002\0000\000-\0000\0001\000-\0000\0002\000\051}{section.2.4}% 27
\BOOKMARK [2][-]{subsection.2.4.5}{\376\377\0000\000.\0006\000.\0000\0001\0002\000\040\000\050\0002\0000\0001\0009\000-\0001\0002\000-\0003\0001\000\051}{section.2.4}% 28
\BOOKMARK [2][-]{subsection.2.4.6}{\376\377\0000\000.\0006\000.\0000\0001\0001\000\040\000\050\0002\0000\0001\0009\000-\0001\0002\000-\0002\0003\000\051}{section.2.4}% 29
\BOOKMARK [2][-]{subsection.2.4.7}{\376\377\0000\000.\0006\000.\0000\0001\0000\000\040\000\050\0002\0000\0001\0009\000-\0001\0002\000-\0001\0009\000\051}{section.2.4}% 30
\BOOKMARK [2][-]{subsection.2.4.8}{\376\377\0000\000.\0006\000.\0000\0000\0009\000\040\000\050\0002\0000\0001\0009\000-\0001\0002\000-\0001\0008\000\051}{section.2.4}% 31
\BOOKMARK [2][-]{subsection.2.4.9}{\376\377\0000\000.\0006\000.\0000\0000\0008\000\040\000\050\0002\0000\0001\0009\000-\0001\0002\000-\0001\0007\000\051}{section.2.4}% 32
\BOOKMARK [2][-]{subsection.2.4.10}{\376\377\0000\000.\0006\000.\0000\0000\0007\000\040\000\050\0002\0000\0001\0009\000-\0001\0002\000-\0001\0006\000\051}{section.2.4}% 33
\BOOKMARK [2][-]{subsection.2.4.11}{\376\377\0000\000.\0006\000.\0000\0000\0006\000\040\000\050\0002\0000\0001\0009\000-\0001\0002\000-\0001\0003\000\051}{section.2.4}% 34
\BOOKMARK [2][-]{subsection.2.4.12}{\376\377\0000\000.\0006\000.\0000\0000\0005\000\040\000\050\0002\0000\0001\0009\000-\0001\0002\000-\0001\0002\000\051}{section.2.4}% 35
\BOOKMARK [2][-]{subsection.2.4.13}{\376\377\0000\000.\0006\000.\0000\0000\0004\000\040\000\050\0002\0000\0001\0009\000-\0001\0002\000-\0001\0002\000\051}{section.2.4}% 36
\BOOKMARK [2][-]{subsection.2.4.14}{\376\377\0000\000.\0006\000.\0000\0000\0003\000\040\000\050\0002\0000\0001\0009\000-\0001\0002\000-\0001\0000\000\051}{section.2.4}% 37
\BOOKMARK [2][-]{subsection.2.4.15}{\376\377\0000\000.\0006\000.\0000\0000\0002\000\040\000\050\0002\0000\0001\0009\000-\0001\0002\000-\0000\0009\000\051}{section.2.4}% 38
\BOOKMARK [2][-]{subsection.2.4.16}{\376\377\0000\000.\0006\000.\0000\0000\0001\000\040\000\050\0002\0000\0001\0009\000-\0001\0002\000-\0000\0006\000\051}{section.2.4}% 39
\BOOKMARK [2][-]{subsection.2.4.17}{\376\377\0000\000.\0005\000.\0001\0002\0004\000\040\000\050\0002\0000\0001\0009\000-\0001\0002\000-\0000\0005\000\051}{section.2.4}% 40
\BOOKMARK [2][-]{subsection.2.4.18}{\376\377\0000\000.\0005\000.\0001\0002\0003\000\040\000\050\0002\0000\0001\0009\000-\0001\0002\000-\0000\0005\000\051}{section.2.4}% 41
\BOOKMARK [2][-]{subsection.2.4.19}{\376\377\0000\000.\0005\000.\0001\0002\0002\000\040\000\050\0002\0000\0001\0009\000-\0001\0002\000-\0000\0004\000\051}{section.2.4}% 42
\BOOKMARK [2][-]{subsection.2.4.20}{\376\377\0000\000.\0005\000.\0001\0002\0001\000\040\000\050\0002\0000\0001\0009\000-\0001\0002\000-\0000\0002\000\051}{section.2.4}% 43
\BOOKMARK [2][-]{subsection.2.4.21}{\376\377\0000\000.\0005\000.\0001\0002\0000\000\040\000\050\0002\0000\0001\0009\000-\0001\0001\000-\0002\0009\000\051}{section.2.4}% 44
\BOOKMARK [2][-]{subsection.2.4.22}{\376\377\0000\000.\0005\000.\0001\0001\0009\000\040\000\050\0002\0000\0001\0009\000-\0001\0001\000-\0002\0009\000\051}{section.2.4}% 45
\BOOKMARK [2][-]{subsection.2.4.23}{\376\377\0000\000.\0005\000.\0001\0001\0008\000\040\000\050\0002\0000\0001\0009\000-\0001\0001\000-\0002\0007\000\051}{section.2.4}% 46
\BOOKMARK [2][-]{subsection.2.4.24}{\376\377\0000\000.\0005\000.\0001\0001\0007\000\040\000\050\0002\0000\0001\0009\000-\0001\0001\000-\0002\0006\000\051}{section.2.4}% 47
\BOOKMARK [2][-]{subsection.2.4.25}{\376\377\0000\000.\0005\000.\0001\0001\0006\000\040\000\050\0002\0000\0001\0009\000-\0001\0001\000-\0001\0005\000\051}{section.2.4}% 48
\BOOKMARK [2][-]{subsection.2.4.26}{\376\377\0000\000.\0005\000.\0001\0001\0005\000\040\000\050\0002\0000\0001\0009\000-\0001\0001\000-\0001\0004\000\051}{section.2.4}% 49
\BOOKMARK [2][-]{subsection.2.4.27}{\376\377\0000\000.\0005\000.\0001\0001\0004\000\040\000\050\0002\0000\0001\0009\000-\0001\0001\000-\0001\0004\000\051}{section.2.4}% 50
\BOOKMARK [2][-]{subsection.2.4.28}{\376\377\0000\000.\0005\000.\0001\0001\0003\000\040\000\050\0002\0000\0001\0009\000-\0001\0001\000-\0001\0002\000\051}{section.2.4}% 51
\BOOKMARK [2][-]{subsection.2.4.29}{\376\377\0000\000.\0005\000.\0001\0001\0002\000\040\000\050\0002\0000\0001\0009\000-\0001\0001\000-\0001\0002\000\051}{section.2.4}% 52
\BOOKMARK [2][-]{subsection.2.4.30}{\376\377\0000\000.\0005\000.\0001\0001\0001\000\040\000\050\0002\0000\0001\0009\000-\0001\0001\000-\0000\0009\000\051}{section.2.4}% 53
\BOOKMARK [2][-]{subsection.2.4.31}{\376\377\0000\000.\0005\000.\0001\0001\0000\000\040\000\050\0002\0000\0001\0009\000-\0001\0001\000-\0000\0009\000\051}{section.2.4}% 54
\BOOKMARK [2][-]{subsection.2.4.32}{\376\377\0000\000.\0005\000.\0001\0000\0009\000\040\000\050\0002\0000\0001\0009\000-\0001\0001\000-\0000\0007\000\051}{section.2.4}% 55
\BOOKMARK [2][-]{subsection.2.4.33}{\376\377\0000\000.\0005\000.\0001\0000\0008\000\040\000\050\0002\0000\0001\0009\000-\0001\0001\000-\0000\0007\000\051}{section.2.4}% 56
\BOOKMARK [2][-]{subsection.2.4.34}{\376\377\0000\000.\0005\000.\0001\0000\0007\000\040\000\050\0002\0000\0001\0009\000-\0001\0001\000-\0000\0006\000\051}{section.2.4}% 57
\BOOKMARK [2][-]{subsection.2.4.35}{\376\377\0000\000.\0005\000.\0001\0000\0006\000\040\000\050\0002\0000\0001\0009\000-\0001\0001\000-\0000\0005\000\051}{section.2.4}% 58
\BOOKMARK [2][-]{subsection.2.4.36}{\376\377\0000\000.\0005\000.\0001\0000\0005\000\040\000\050\0002\0000\0001\0009\000-\0001\0001\000-\0000\0003\000\051}{section.2.4}% 59
\BOOKMARK [2][-]{subsection.2.4.37}{\376\377\0000\000.\0005\000.\0001\0000\0004\000\040\000\050\0002\0000\0001\0009\000-\0001\0001\000-\0000\0001\000\051}{section.2.4}% 60
\BOOKMARK [2][-]{subsection.2.4.38}{\376\377\0000\000.\0005\000.\0001\0000\0003\000\040\000\050\0002\0000\0001\0009\000-\0001\0001\000-\0000\0001\000\051}{section.2.4}% 61
\BOOKMARK [2][-]{subsection.2.4.39}{\376\377\0000\000.\0005\000.\0001\0000\0002\000\040\000\050\0002\0000\0001\0009\000-\0001\0000\000-\0003\0000\000\051}{section.2.4}% 62
\BOOKMARK [2][-]{subsection.2.4.40}{\376\377\0000\000.\0005\000.\0001\0000\0001\000\040\000\050\0002\0000\0001\0009\000-\0001\0000\000-\0002\0009\000\051}{section.2.4}% 63
\BOOKMARK [2][-]{subsection.2.4.41}{\376\377\0000\000.\0005\000.\0001\0000\0000\000\040\000\050\0002\0000\0001\0009\000-\0001\0000\000-\0002\0008\000\051}{section.2.4}% 64
\BOOKMARK [2][-]{subsection.2.4.42}{\376\377\0000\000.\0005\000.\0000\0009\0009\000\040\000\050\0002\0000\0001\0009\000-\0001\0000\000-\0002\0005\000\051}{section.2.4}% 65
\BOOKMARK [2][-]{subsection.2.4.43}{\376\377\0000\000.\0005\000.\0000\0009\0008\000\040\000\050\0002\0000\0001\0009\000-\0001\0000\000-\0002\0004\000\051}{section.2.4}% 66
\BOOKMARK [2][-]{subsection.2.4.44}{\376\377\0000\000.\0005\000.\0000\0009\0007\000\040\000\050\0002\0000\0001\0009\000-\0001\0000\000-\0002\0003\000\051}{section.2.4}% 67
\BOOKMARK [2][-]{subsection.2.4.45}{\376\377\0000\000.\0005\000.\0000\0009\0006\000\040\000\050\0002\0000\0001\0009\000-\0001\0000\000-\0001\0007\000\051}{section.2.4}% 68
\BOOKMARK [2][-]{subsection.2.4.46}{\376\377\0000\000.\0005\000.\0000\0009\0005\000\040\000\050\0002\0000\0001\0009\000-\0001\0000\000-\0001\0006\000\051}{section.2.4}% 69
\BOOKMARK [2][-]{subsection.2.4.47}{\376\377\0000\000.\0005\000.\0000\0009\0004\000\040\000\050\0002\0000\0001\0009\000-\0001\0000\000-\0001\0005\000\051}{section.2.4}% 70
\BOOKMARK [2][-]{subsection.2.4.48}{\376\377\0000\000.\0005\000.\0000\0009\0003\000\040\000\050\0002\0000\0001\0009\000-\0001\0000\000-\0001\0004\000\051}{section.2.4}% 71
\BOOKMARK [2][-]{subsection.2.4.49}{\376\377\0000\000.\0005\000.\0000\0009\0002\000\040\000\050\0002\0000\0001\0009\000-\0001\0000\000-\0001\0003\000\051}{section.2.4}% 72
\BOOKMARK [2][-]{subsection.2.4.50}{\376\377\0000\000.\0005\000.\0000\0009\0001\000\040\000\050\0002\0000\0001\0009\000-\0001\0000\000-\0001\0001\000\051}{section.2.4}% 73
\BOOKMARK [2][-]{subsection.2.4.51}{\376\377\0000\000.\0005\000.\0000\0009\0000\000\040\000\050\0002\0000\0001\0009\000-\0001\0000\000-\0001\0000\000\051}{section.2.4}% 74
\BOOKMARK [2][-]{subsection.2.4.52}{\376\377\0000\000.\0005\000.\0000\0008\0009\000\040\000\050\0002\0000\0001\0009\000-\0001\0000\000-\0001\0000\000\051}{section.2.4}% 75
\BOOKMARK [2][-]{subsection.2.4.53}{\376\377\0000\000.\0005\000.\0000\0008\0008\000\040\000\050\0002\0000\0001\0009\000-\0001\0000\000-\0000\0008\000\051}{section.2.4}% 76
\BOOKMARK [2][-]{subsection.2.4.54}{\376\377\0000\000.\0005\000.\0000\0008\0007\000\040\000\050\0002\0000\0001\0009\000-\0001\0000\000-\0000\0007\000\051}{section.2.4}% 77
\BOOKMARK [2][-]{subsection.2.4.55}{\376\377\0000\000.\0005\000.\0000\0008\0006\000\040\000\050\0002\0000\0001\0009\000-\0001\0000\000-\0000\0006\000\051}{section.2.4}% 78
\BOOKMARK [2][-]{subsection.2.4.56}{\376\377\0000\000.\0005\000.\0000\0008\0005\000\040\000\050\0002\0000\0001\0009\000-\0001\0000\000-\0000\0005\000\051}{section.2.4}% 79
\BOOKMARK [2][-]{subsection.2.4.57}{\376\377\0000\000.\0005\000.\0000\0008\0004\000\040\000\050\0002\0000\0001\0009\000-\0001\0000\000-\0000\0004\000\051}{section.2.4}% 80
\BOOKMARK [2][-]{subsection.2.4.58}{\376\377\0000\000.\0005\000.\0000\0008\0003\000\040\000\050\0002\0000\0001\0009\000-\0001\0000\000-\0000\0003\000\051}{section.2.4}% 81
\BOOKMARK [2][-]{subsection.2.4.59}{\376\377\0000\000.\0005\000.\0000\0008\0002\000\040\000\050\0002\0000\0001\0009\000-\0001\0000\000-\0000\0002\000\051}{section.2.4}% 82
\BOOKMARK [2][-]{subsection.2.4.60}{\376\377\0000\000.\0005\000.\0000\0008\0001\000\040\000\050\0002\0000\0001\0009\000-\0001\0000\000-\0000\0001\000\051}{section.2.4}% 83
\BOOKMARK [2][-]{subsection.2.4.61}{\376\377\0000\000.\0005\000.\0000\0008\0000\000\040\000\050\0002\0000\0001\0009\000-\0000\0009\000-\0003\0000\000\051}{section.2.4}% 84
\BOOKMARK [2][-]{subsection.2.4.62}{\376\377\0000\000.\0005\000.\0000\0007\0009\000\040\000\050\0002\0000\0001\0009\000-\0000\0009\000-\0002\0006\000\051}{section.2.4}% 85
\BOOKMARK [2][-]{subsection.2.4.63}{\376\377\0000\000.\0005\000.\0000\0007\0008\000\040\000\050\0002\0000\0001\0009\000-\0000\0009\000-\0002\0005\000\051}{section.2.4}% 86
\BOOKMARK [2][-]{subsection.2.4.64}{\376\377\0000\000.\0005\000.\0000\0007\0007\000\040\000\050\0002\0000\0001\0009\000-\0000\0009\000-\0002\0004\000\051}{section.2.4}% 87
\BOOKMARK [2][-]{subsection.2.4.65}{\376\377\0000\000.\0005\000.\0000\0007\0006\000\040\000\050\0002\0000\0001\0009\000-\0000\0009\000-\0002\0003\000\051}{section.2.4}% 88
\BOOKMARK [2][-]{subsection.2.4.66}{\376\377\0000\000.\0005\000.\0000\0007\0005\000\040\000\050\0002\0000\0001\0009\000-\0000\0009\000-\0002\0000\000\051}{section.2.4}% 89
\BOOKMARK [2][-]{subsection.2.4.67}{\376\377\0000\000.\0005\000.\0000\0007\0004\000\040\000\050\0002\0000\0001\0009\000-\0000\0009\000-\0001\0009\000\051}{section.2.4}% 90
\BOOKMARK [2][-]{subsection.2.4.68}{\376\377\0000\000.\0005\000.\0000\0007\0003\000\040\000\050\0002\0000\0001\0009\000-\0000\0009\000-\0001\0008\000\051}{section.2.4}% 91
\BOOKMARK [2][-]{subsection.2.4.69}{\376\377\0000\000.\0005\000.\0000\0007\0002\000\040\000\050\0002\0000\0001\0009\000-\0000\0009\000-\0001\0007\000\051}{section.2.4}% 92
\BOOKMARK [2][-]{subsection.2.4.70}{\376\377\0000\000.\0005\000.\0000\0007\0001\000\040\000\050\0002\0000\0001\0009\000-\0000\0009\000-\0001\0006\000\051}{section.2.4}% 93
\BOOKMARK [2][-]{subsection.2.4.71}{\376\377\0000\000.\0005\000.\0000\0007\0000\000\040\000\050\0002\0000\0001\0009\000-\0000\0009\000-\0001\0003\000\051}{section.2.4}% 94
\BOOKMARK [2][-]{subsection.2.4.72}{\376\377\0000\000.\0005\000.\0000\0006\0009\000\040\000\050\0002\0000\0001\0009\000-\0000\0009\000-\0001\0001\000\051}{section.2.4}% 95
\BOOKMARK [2][-]{subsection.2.4.73}{\376\377\0000\000.\0005\000.\0000\0006\0008\000\040\000\050\0002\0000\0001\0009\000-\0000\0009\000-\0001\0000\000\051}{section.2.4}% 96
\BOOKMARK [2][-]{subsection.2.4.74}{\376\377\0000\000.\0005\000.\0000\0006\0007\000\040\000\050\0002\0000\0001\0009\000-\0000\0009\000-\0000\0006\000\051}{section.2.4}% 97
\BOOKMARK [2][-]{subsection.2.4.75}{\376\377\0000\000.\0005\000.\0000\0006\0006\000\040\000\050\0002\0000\0001\0009\000-\0000\0009\000-\0000\0005\000\051}{section.2.4}% 98
\BOOKMARK [2][-]{subsection.2.4.76}{\376\377\0000\000.\0005\000.\0000\0006\0005\000\040\000\050\0002\0000\0001\0009\000-\0000\0009\000-\0000\0004\000\051}{section.2.4}% 99
\BOOKMARK [2][-]{subsection.2.4.77}{\376\377\0000\000.\0005\000.\0000\0006\0004\000\040\000\050\0002\0000\0001\0009\000-\0000\0009\000-\0000\0002\000\051}{section.2.4}% 100
\BOOKMARK [2][-]{subsection.2.4.78}{\376\377\0000\000.\0005\000.\0000\0006\0003\000\040\000\050\0002\0000\0001\0009\000-\0000\0008\000-\0003\0001\000\051}{section.2.4}% 101
\BOOKMARK [2][-]{subsection.2.4.79}{\376\377\0000\000.\0005\000.\0000\0006\0002\000\040\000\050\0002\0000\0001\0009\000-\0000\0008\000-\0003\0000\000\051}{section.2.4}% 102
\BOOKMARK [2][-]{subsection.2.4.80}{\376\377\0000\000.\0005\000.\0000\0006\0001\000\040\000\050\0002\0000\0001\0009\000-\0000\0008\000-\0002\0009\000\051}{section.2.4}% 103
\BOOKMARK [2][-]{subsection.2.4.81}{\376\377\0000\000.\0005\000.\0000\0006\0000\000\040\000\050\0002\0000\0001\0009\000-\0000\0008\000-\0002\0008\000\051}{section.2.4}% 104
\BOOKMARK [2][-]{subsection.2.4.82}{\376\377\0000\000.\0005\000.\0000\0005\0009\000\040\000\050\0002\0000\0001\0009\000-\0000\0008\000-\0002\0007\000\051}{section.2.4}% 105
\BOOKMARK [2][-]{subsection.2.4.83}{\376\377\0000\000.\0005\000.\0000\0005\0008\000\040\000\050\0002\0000\0001\0009\000-\0000\0008\000-\0002\0002\000\051}{section.2.4}% 106
\BOOKMARK [2][-]{subsection.2.4.84}{\376\377\0000\000.\0005\000.\0000\0005\0007\000\040\000\050\0002\0000\0001\0009\000-\0000\0008\000-\0002\0001\000\051}{section.2.4}% 107
\BOOKMARK [2][-]{subsection.2.4.85}{\376\377\0000\000.\0005\000.\0000\0005\0006\000\040\000\050\0002\0000\0001\0009\000-\0000\0008\000-\0002\0001\000\051}{section.2.4}% 108
\BOOKMARK [2][-]{subsection.2.4.86}{\376\377\0000\000.\0005\000.\0000\0005\0005\000\040\000\050\0002\0000\0001\0009\000-\0000\0008\000-\0001\0009\000\051}{section.2.4}% 109
\BOOKMARK [2][-]{subsection.2.4.87}{\376\377\0000\000.\0005\000.\0000\0005\0004\000\040\000\050\0002\0000\0001\0009\000-\0000\0008\000-\0001\0006\000\051}{section.2.4}% 110
\BOOKMARK [2][-]{subsection.2.4.88}{\376\377\0000\000.\0005\000.\0000\0005\0003\000\040\000\050\0002\0000\0001\0009\000-\0000\0008\000-\0001\0005\000\051}{section.2.4}% 111
\BOOKMARK [2][-]{subsection.2.4.89}{\376\377\0000\000.\0005\000.\0000\0005\0002\000\040\000\050\0002\0000\0001\0009\000-\0000\0008\000-\0001\0004\000\051}{section.2.4}% 112
\BOOKMARK [2][-]{subsection.2.4.90}{\376\377\0000\000.\0005\000.\0000\0005\0001\000\040\000\050\0002\0000\0001\0009\000-\0000\0008\000-\0001\0003\000\051}{section.2.4}% 113
\BOOKMARK [2][-]{subsection.2.4.91}{\376\377\0000\000.\0005\000.\0000\0005\0000\000\040\000\050\0002\0000\0001\0009\000-\0000\0008\000-\0001\0002\000\051}{section.2.4}% 114
\BOOKMARK [2][-]{subsection.2.4.92}{\376\377\0000\000.\0005\000.\0000\0004\0009\000\040\000\050\0002\0000\0001\0009\000-\0000\0008\000-\0001\0000\000\051}{section.2.4}% 115
\BOOKMARK [2][-]{subsection.2.4.93}{\376\377\0000\000.\0005\000.\0000\0004\0008\000\040\000\050\0002\0000\0001\0009\000-\0000\0008\000-\0000\0008\000\051}{section.2.4}% 116
\BOOKMARK [2][-]{subsection.2.4.94}{\376\377\0000\000.\0005\000.\0000\0004\0007\000\040\000\050\0002\0000\0001\0009\000-\0000\0008\000-\0000\0007\000\051}{section.2.4}% 117
\BOOKMARK [2][-]{subsection.2.4.95}{\376\377\0000\000.\0005\000.\0000\0004\0006\000\040\000\050\0002\0000\0001\0009\000-\0000\0008\000-\0000\0006\000\051}{section.2.4}% 118
\BOOKMARK [2][-]{subsection.2.4.96}{\376\377\0000\000.\0005\000.\0000\0004\0005\000\040\000\050\0002\0000\0001\0009\000-\0000\0007\000-\0002\0007\000\051}{section.2.4}% 119
\BOOKMARK [2][-]{subsection.2.4.97}{\376\377\0000\000.\0005\000.\0000\0004\0003\000\040\000\050\0002\0000\0001\0009\000-\0000\0007\000-\0002\0005\000\051}{section.2.4}% 120
\BOOKMARK [2][-]{subsection.2.4.98}{\376\377\0000\000.\0005\000.\0000\0004\0002\000\040\000\050\0002\0000\0001\0009\000-\0000\0007\000-\0002\0003\000\051}{section.2.4}% 121
\BOOKMARK [2][-]{subsection.2.4.99}{\376\377\0000\000.\0005\000.\0000\0004\0001\000\040\000\050\0002\0000\0001\0009\000-\0000\0007\000-\0001\0009\000\051}{section.2.4}% 122
\BOOKMARK [2][-]{subsection.2.4.100}{\376\377\0000\000.\0005\000.\0000\0004\0000\000\040\000\050\0002\0000\0001\0009\000-\0000\0007\000-\0001\0009\000\051}{section.2.4}% 123
\BOOKMARK [2][-]{subsection.2.4.101}{\376\377\0000\000.\0005\000.\0000\0003\0009\000\040\000\050\0002\0000\0001\0009\000-\0000\0007\000-\0001\0008\000\051}{section.2.4}% 124
\BOOKMARK [2][-]{subsection.2.4.102}{\376\377\0000\000.\0005\000.\0000\0003\0007\000\040\000\050\0002\0000\0001\0009\000-\0000\0007\000-\0001\0000\000\051}{section.2.4}% 125
\BOOKMARK [2][-]{subsection.2.4.103}{\376\377\0000\000.\0005\000.\0000\0003\0005\000\040\000\050\0002\0000\0001\0009\000-\0000\0007\000-\0000\0008\000\051}{section.2.4}% 126
\BOOKMARK [2][-]{subsection.2.4.104}{\376\377\0000\000.\0005\000.\0000\0003\0004\000\040\000\050\0002\0000\0001\0009\000-\0000\0007\000-\0000\0005\000\051}{section.2.4}% 127
\BOOKMARK [2][-]{subsection.2.4.105}{\376\377\0000\000.\0005\000.\0000\0003\0002\000\040\000\050\0002\0000\0001\0009\000-\0000\0007\000-\0000\0003\000\051}{section.2.4}% 128
\BOOKMARK [2][-]{subsection.2.4.106}{\376\377\0000\000.\0005\000.\0000\0002\0009\000\040\000\050\0002\0000\0001\0009\000-\0000\0006\000-\0002\0007\000\051}{section.2.4}% 129
\BOOKMARK [2][-]{subsection.2.4.107}{\376\377\0000\000.\0005\000.\0000\0002\0008\000\040\000\050\0002\0000\0001\0009\000-\0000\0006\000-\0002\0007\000\051}{section.2.4}% 130
\BOOKMARK [2][-]{subsection.2.4.108}{\376\377\0000\000.\0005\000.\0000\0002\0007\000\040\000\050\0002\0000\0001\0009\000-\0000\0006\000-\0002\0006\000\051}{section.2.4}% 131
\BOOKMARK [2][-]{subsection.2.4.109}{\376\377\0000\000.\0005\000.\0000\0002\0006\000\040\000\050\0002\0000\0001\0009\000-\0000\0006\000-\0002\0005\000\051}{section.2.4}% 132
\BOOKMARK [2][-]{subsection.2.4.110}{\376\377\0000\000.\0005\000.\0000\0002\0005\000\040\000\050\0002\0000\0001\0009\000-\0000\0006\000-\0002\0004\000\051}{section.2.4}% 133
\BOOKMARK [2][-]{subsection.2.4.111}{\376\377\0000\000.\0005\000.\0000\0002\0004\000\040\000\050\0002\0000\0001\0009\000-\0000\0006\000-\0002\0004\000\051}{section.2.4}% 134
\BOOKMARK [2][-]{subsection.2.4.112}{\376\377\0000\000.\0005\000.\0000\0002\0003\000\040\000\050\0002\0000\0001\0009\000-\0000\0006\000-\0002\0003\000\051}{section.2.4}% 135
\BOOKMARK [2][-]{subsection.2.4.113}{\376\377\0000\000.\0005\000.\0000\0002\0002\000\040\000\050\0002\0000\0001\0009\000-\0000\0006\000-\0002\0001\000\051}{section.2.4}% 136
\BOOKMARK [2][-]{subsection.2.4.114}{\376\377\0000\000.\0005\000.\0000\0002\0001\000\040\000\050\0002\0000\0001\0009\000-\0000\0006\000-\0002\0000\000\051}{section.2.4}% 137
\BOOKMARK [2][-]{subsection.2.4.115}{\376\377\0000\000.\0005\000.\0000\0002\0000\000\040\000\050\0002\0000\0001\0009\000-\0000\0006\000-\0001\0009\000\051}{section.2.4}% 138
\BOOKMARK [2][-]{subsection.2.4.116}{\376\377\0000\000.\0005\000.\0000\0001\0009\000\040\000\050\0002\0000\0001\0009\000-\0000\0006\000-\0001\0008\000\051}{section.2.4}% 139
\BOOKMARK [2][-]{subsection.2.4.117}{\376\377\0000\000.\0005\000.\0000\0001\0008\000\040\000\050\0002\0000\0001\0009\000-\0000\0006\000-\0001\0007\000\051}{section.2.4}% 140
\BOOKMARK [2][-]{subsection.2.4.118}{\376\377\0000\000.\0005\000.\0000\0001\0007\000\040\000\050\0002\0000\0001\0009\000-\0000\0006\000-\0001\0004\000\051}{section.2.4}% 141
\BOOKMARK [2][-]{subsection.2.4.119}{\376\377\0000\000.\0005\000.\0000\0001\0006\000\040\000\050\0002\0000\0001\0009\000-\0000\0006\000-\0001\0003\000\051}{section.2.4}% 142
\BOOKMARK [2][-]{subsection.2.4.120}{\376\377\0000\000.\0005\000.\0000\0001\0005\000\040\000\050\0002\0000\0001\0009\000-\0000\0006\000-\0001\0002\000\051}{section.2.4}% 143
\BOOKMARK [2][-]{subsection.2.4.121}{\376\377\0000\000.\0005\000.\0000\0001\0004\000\040\000\050\0002\0000\0001\0009\000-\0000\0006\000-\0001\0001\000\051}{section.2.4}% 144
\BOOKMARK [2][-]{subsection.2.4.122}{\376\377\0000\000.\0005\000.\0000\0001\0003\000\040\000\050\0002\0000\0001\0009\000-\0000\0006\000-\0001\0000\000\051}{section.2.4}% 145
\BOOKMARK [2][-]{subsection.2.4.123}{\376\377\0000\000.\0005\000.\0000\0001\0002\000\040\000\050\0002\0000\0001\0009\000-\0000\0006\000-\0000\0008\000\051}{section.2.4}% 146
\BOOKMARK [2][-]{subsection.2.4.124}{\376\377\0000\000.\0005\000.\0000\0001\0001\000\040\000\050\0002\0000\0001\0009\000-\0000\0006\000-\0000\0007\000\051}{section.2.4}% 147
\BOOKMARK [2][-]{subsection.2.4.125}{\376\377\0000\000.\0005\000.\0000\0001\0000\000\040\000\050\0002\0000\0001\0009\000-\0000\0006\000-\0000\0006\000\051}{section.2.4}% 148
\BOOKMARK [2][-]{subsection.2.4.126}{\376\377\0000\000.\0005\000.\0000\0000\0009\000\040\000\050\0002\0000\0001\0009\000-\0000\0006\000-\0000\0005\000\051}{section.2.4}% 149
\BOOKMARK [2][-]{subsection.2.4.127}{\376\377\0000\000.\0005\000.\0000\0000\0008\000\040\000\050\0002\0000\0001\0009\000-\0000\0006\000-\0000\0004\000\051}{section.2.4}% 150
\BOOKMARK [2][-]{subsection.2.4.128}{\376\377\0000\000.\0005\000.\0000\0000\0007\000\040\000\050\0002\0000\0001\0009\000-\0000\0006\000-\0000\0003\000\051}{section.2.4}% 151
\BOOKMARK [2][-]{subsection.2.4.129}{\376\377\0000\000.\0005\000.\0000\0000\0006\000\040\000\050\0002\0000\0001\0009\000-\0000\0006\000-\0000\0001\000\051}{section.2.4}% 152
\BOOKMARK [2][-]{subsection.2.4.130}{\376\377\0000\000.\0005\000.\0000\0000\0005\000\040\000\050\0002\0000\0001\0009\000-\0000\0005\000-\0003\0000\000\051}{section.2.4}% 153
\BOOKMARK [2][-]{subsection.2.4.131}{\376\377\0000\000.\0005\000.\0000\0000\0004\000\040\000\050\0002\0000\0001\0009\000-\0000\0005\000-\0002\0009\000\051}{section.2.4}% 154
\BOOKMARK [2][-]{subsection.2.4.132}{\376\377\0000\000.\0005\000.\0000\0000\0003\000\040\000\050\0002\0000\0001\0009\000-\0000\0005\000-\0002\0008\000\051}{section.2.4}% 155
\BOOKMARK [2][-]{subsection.2.4.133}{\376\377\0000\000.\0005\000.\0000\0000\0002\000\040\000\050\0002\0000\0001\0009\000-\0000\0005\000-\0002\0007\000\051}{section.2.4}% 156
\BOOKMARK [2][-]{subsection.2.4.134}{\376\377\0000\000.\0005\000.\0000\0000\0001\000\040\000\050\0002\0000\0001\0009\000-\0000\0005\000-\0002\0007\000\051}{section.2.4}% 157
\BOOKMARK [2][-]{subsection.2.4.135}{\376\377\0000\000.\0005\000.\0000\0000\0000\000\040\000\050\0002\0000\0001\0009\000-\0000\0005\000-\0001\0000\000\051}{section.2.4}% 158
\BOOKMARK [2][-]{subsection.2.4.136}{\376\377\0000\000.\0004\000.\0001\0002\0003\000\040\000\050\0002\0000\0001\0009\000-\0000\0005\000-\0000\0003\000\051}{section.2.4}% 159
\BOOKMARK [2][-]{subsection.2.4.137}{\376\377\0000\000.\0004\000.\0001\0002\0002\000\040\000\050\0002\0000\0001\0009\000-\0000\0005\000-\0000\0002\000\051}{section.2.4}% 160
\BOOKMARK [2][-]{subsection.2.4.138}{\376\377\0000\000.\0004\000.\0001\0002\0001\000\040\000\050\0002\0000\0001\0009\000-\0000\0004\000-\0003\0000\000\051}{section.2.4}% 161
\BOOKMARK [2][-]{subsection.2.4.139}{\376\377\0000\000.\0004\000.\0001\0002\0000\000\040\000\050\0002\0000\0001\0009\000-\0000\0004\000-\0002\0009\000\051}{section.2.4}% 162
\BOOKMARK [2][-]{subsection.2.4.140}{\376\377\0000\000.\0004\000.\0001\0001\0009\000\040\000\050\0002\0000\0001\0009\000-\0000\0004\000-\0002\0006\000\051}{section.2.4}% 163
\BOOKMARK [2][-]{subsection.2.4.141}{\376\377\0000\000.\0004\000.\0001\0001\0008\000\040\000\050\0002\0000\0001\0009\000-\0000\0004\000-\0002\0005\000\051}{section.2.4}% 164
\BOOKMARK [2][-]{subsection.2.4.142}{\376\377\0000\000.\0004\000.\0001\0001\0007\000\040\000\050\0002\0000\0001\0009\000-\0000\0004\000-\0002\0004\000\051}{section.2.4}% 165
\BOOKMARK [2][-]{subsection.2.4.143}{\376\377\0000\000.\0004\000.\0001\0001\0006\000\040\000\050\0002\0000\0001\0009\000-\0000\0004\000-\0001\0000\000\051}{section.2.4}% 166
\BOOKMARK [2][-]{subsection.2.4.144}{\376\377\0000\000.\0004\000.\0001\0001\0005\000\040\000\050\0002\0000\0001\0009\000-\0000\0004\000-\0000\0008\000\051}{section.2.4}% 167
\BOOKMARK [2][-]{subsection.2.4.145}{\376\377\0000\000.\0004\000.\0001\0001\0004\000\040\000\050\0002\0000\0001\0009\000-\0000\0004\000-\0000\0007\000\051}{section.2.4}% 168
\BOOKMARK [2][-]{subsection.2.4.146}{\376\377\0000\000.\0004\000.\0001\0001\0003\000\040\000\050\0002\0000\0001\0009\000-\0000\0004\000-\0000\0006\000\051}{section.2.4}% 169
\BOOKMARK [2][-]{subsection.2.4.147}{\376\377\0000\000.\0004\000.\0001\0001\0002\000\040\000\050\0002\0000\0001\0009\000-\0000\0004\000-\0000\0005\000\051}{section.2.4}% 170
\BOOKMARK [2][-]{subsection.2.4.148}{\376\377\0000\000.\0004\000.\0001\0001\0001\000\040\000\050\0002\0000\0001\0009\000-\0000\0004\000-\0000\0004\000\051}{section.2.4}% 171
\BOOKMARK [2][-]{subsection.2.4.149}{\376\377\0000\000.\0004\000.\0001\0000\0008\000\040\000\050\0002\0000\0001\0009\000-\0000\0004\000-\0000\0003\000\051}{section.2.4}% 172
\BOOKMARK [2][-]{subsection.2.4.150}{\376\377\0000\000.\0004\000.\0001\0000\0009\000\040\000\050\0002\0000\0001\0009\000-\0000\0004\000-\0000\0003\000\051}{section.2.4}% 173
\BOOKMARK [2][-]{subsection.2.4.151}{\376\377\0000\000.\0004\000.\0001\0001\0000\000\040\000\050\0002\0000\0001\0009\000-\0000\0004\000-\0000\0003\000\051}{section.2.4}% 174
\BOOKMARK [2][-]{subsection.2.4.152}{\376\377\0000\000.\0004\000.\0001\0000\0007\000\040\000\050\0002\0000\0001\0009\000-\0000\0004\000-\0000\0002\000\051}{section.2.4}% 175
\BOOKMARK [2][-]{subsection.2.4.153}{\376\377\0000\000.\0004\000.\0001\0000\0006\000\040\000\050\0002\0000\0001\0009\000-\0000\0003\000-\0002\0009\000\051}{section.2.4}% 176
\BOOKMARK [2][-]{subsection.2.4.154}{\376\377\0000\000.\0004\000.\0001\0000\0004\000\040\000\050\0002\0000\0001\0009\000-\0000\0003\000-\0002\0008\000\051}{section.2.4}% 177
\BOOKMARK [2][-]{subsection.2.4.155}{\376\377\0000\000.\0004\000.\0001\0000\0002\000\040\000\050\0002\0000\0001\0009\000-\0000\0003\000-\0002\0008\000\051}{section.2.4}% 178
\BOOKMARK [2][-]{subsection.2.4.156}{\376\377\0000\000.\0004\000.\0001\0000\0005\000\040\000\050\0002\0000\0001\0009\000-\0000\0003\000-\0002\0008\000\051}{section.2.4}% 179
\BOOKMARK [2][-]{subsection.2.4.157}{\376\377\0000\000.\0004\000.\0001\0000\0001\000\040\000\050\0002\0000\0001\0009\000-\0000\0003\000-\0002\0005\000\051}{section.2.4}% 180
\BOOKMARK [2][-]{subsection.2.4.158}{\376\377\0000\000.\0004\000.\0001\0000\0000\000\040\000\050\0002\0000\0001\0009\000-\0000\0003\000-\0002\0002\000\051}{section.2.4}% 181
\BOOKMARK [2][-]{subsection.2.4.159}{\376\377\0000\000.\0004\000.\0000\0009\0009\000\040\000\050\0002\0000\0001\0009\000-\0000\0003\000-\0002\0000\000\051}{section.2.4}% 182
\BOOKMARK [2][-]{subsection.2.4.160}{\376\377\0000\000.\0004\000.\0000\0009\0008\000\040\000\050\0002\0000\0001\0009\000-\0000\0003\000-\0001\0009\000\051}{section.2.4}% 183
\BOOKMARK [2][-]{subsection.2.4.161}{\376\377\0000\000.\0004\000.\0000\0009\0007\000\040\000\050\0002\0000\0001\0009\000-\0000\0003\000-\0001\0009\000\051}{section.2.4}% 184
\BOOKMARK [2][-]{subsection.2.4.162}{\376\377\0000\000.\0004\000.\0000\0009\0006\000\040\000\050\0002\0000\0001\0009\000-\0000\0003\000-\0001\0008\000\051}{section.2.4}% 185
\BOOKMARK [2][-]{subsection.2.4.163}{\376\377\0000\000.\0004\000.\0000\0009\0005\000\040\000\050\0002\0000\0001\0009\000-\0000\0003\000-\0001\0006\000\051}{section.2.4}% 186
\BOOKMARK [2][-]{subsection.2.4.164}{\376\377\0000\000.\0004\000.\0000\0009\0004\000\040\000\050\0002\0000\0001\0009\000-\0000\0003\000-\0001\0005\000\051}{section.2.4}% 187
\BOOKMARK [2][-]{subsection.2.4.165}{\376\377\0000\000.\0004\000.\0000\0009\0003\000\040\000\050\0002\0000\0001\0009\000-\0000\0003\000-\0001\0004\000\051}{section.2.4}% 188
\BOOKMARK [2][-]{subsection.2.4.166}{\376\377\0000\000.\0004\000.\0000\0009\0002\000\040\000\050\0002\0000\0001\0009\000-\0000\0003\000-\0001\0004\000\051}{section.2.4}% 189
\BOOKMARK [2][-]{subsection.2.4.167}{\376\377\0000\000.\0004\000.\0000\0009\0001\000\040\000\050\0002\0000\0001\0009\000-\0000\0003\000-\0001\0003\000\051}{section.2.4}% 190
\BOOKMARK [2][-]{subsection.2.4.168}{\376\377\0000\000.\0004\000.\0000\0009\0000\000\040\000\050\0002\0000\0001\0009\000-\0000\0003\000-\0001\0002\000\051}{section.2.4}% 191
\BOOKMARK [2][-]{subsection.2.4.169}{\376\377\0000\000.\0004\000.\0001\0000\0003\000\040\000\050\0002\0000\0001\0009\000-\0000\0003\000-\0001\0002\000\051}{section.2.4}% 192
\BOOKMARK [2][-]{subsection.2.4.170}{\376\377\0000\000.\0004\000.\0000\0008\0009\000\040\000\050\0002\0000\0001\0009\000-\0000\0003\000-\0001\0001\000\051}{section.2.4}% 193
\BOOKMARK [2][-]{subsection.2.4.171}{\376\377\0000\000.\0004\000.\0000\0008\0008\000\040\000\050\0002\0000\0001\0009\000-\0000\0003\000-\0000\0009\000\051}{section.2.4}% 194
\BOOKMARK [2][-]{subsection.2.4.172}{\376\377\0000\000.\0004\000.\0000\0008\0007\000\040\000\050\0002\0000\0001\0009\000-\0000\0003\000-\0000\0008\000\051}{section.2.4}% 195
\BOOKMARK [2][-]{subsection.2.4.173}{\376\377\0000\000.\0004\000.\0000\0008\0006\000\040\000\050\0002\0000\0001\0009\000-\0000\0003\000-\0000\0008\000\051}{section.2.4}% 196
\BOOKMARK [2][-]{subsection.2.4.174}{\376\377\0000\000.\0004\000.\0000\0008\0005\000\040\000\050\0002\0000\0001\0009\000-\0000\0003\000-\0000\0007\000\051}{section.2.4}% 197
\BOOKMARK [2][-]{subsection.2.4.175}{\376\377\0000\000.\0004\000.\0000\0008\0004\000\040\000\050\0002\0000\0001\0009\000-\0000\0003\000-\0000\0005\000\051}{section.2.4}% 198
\BOOKMARK [2][-]{subsection.2.4.176}{\376\377\0000\000.\0004\000.\0000\0008\0003\000\040\000\050\0002\0000\0001\0009\000-\0000\0002\000-\0002\0008\000\051}{section.2.4}% 199
\BOOKMARK [2][-]{subsection.2.4.177}{\376\377\0000\000.\0004\000.\0000\0008\0001\000\040\000\050\0002\0000\0001\0009\000-\0000\0002\000-\0002\0002\000\051}{section.2.4}% 200
\BOOKMARK [2][-]{subsection.2.4.178}{\376\377\0000\000.\0004\000.\0000\0007\0006\000\040\000\050\0002\0000\0001\0009\000-\0000\0002\000-\0002\0002\000\051}{section.2.4}% 201
\BOOKMARK [2][-]{subsection.2.4.179}{\376\377\0000\000.\0004\000.\0000\0008\0002\000\040\000\050\0002\0000\0001\0009\000-\0000\0002\000-\0002\0002\000\051}{section.2.4}% 202
\BOOKMARK [2][-]{subsection.2.4.180}{\376\377\0000\000.\0004\000.\0000\0007\0005\000\040\000\050\0002\0000\0001\0009\000-\0000\0002\000-\0002\0001\000\051}{section.2.4}% 203
\BOOKMARK [2][-]{subsection.2.4.181}{\376\377\0000\000.\0004\000.\0000\0007\0003\000\040\000\050\0002\0000\0001\0009\000-\0000\0002\000-\0001\0009\000\051}{section.2.4}% 204
\BOOKMARK [2][-]{subsection.2.4.182}{\376\377\0000\000.\0004\000.\0000\0007\0004\000\040\000\050\0002\0000\0001\0009\000-\0000\0002\000-\0001\0009\000\051}{section.2.4}% 205
\BOOKMARK [2][-]{subsection.2.4.183}{\376\377\0000\000.\0004\000.\0000\0008\0000\000\040\000\050\0002\0000\0001\0009\000-\0000\0002\000-\0001\0008\000\051}{section.2.4}% 206
\BOOKMARK [2][-]{subsection.2.4.184}{\376\377\0000\000.\0004\000.\0000\0007\0002\000\040\000\050\0002\0000\0001\0009\000-\0000\0002\000-\0001\0003\000\051}{section.2.4}% 207
\BOOKMARK [2][-]{subsection.2.4.185}{\376\377\0000\000.\0004\000.\0000\0007\0001\000\040\000\050\0002\0000\0001\0009\000-\0000\0002\000-\0001\0002\000\051}{section.2.4}% 208
\BOOKMARK [2][-]{subsection.2.4.186}{\376\377\0000\000.\0004\000.\0000\0007\0000\000\040\000\050\0002\0000\0001\0009\000-\0000\0002\000-\0001\0002\000\051}{section.2.4}% 209
\BOOKMARK [2][-]{subsection.2.4.187}{\376\377\0000\000.\0004\000.\0000\0006\0009\000\040\000\050\0002\0000\0001\0009\000-\0000\0002\000-\0001\0001\000\051}{section.2.4}% 210
\BOOKMARK [2][-]{subsection.2.4.188}{\376\377\0000\000.\0004\000.\0000\0006\0008\000\040\000\050\0002\0000\0001\0009\000-\0000\0002\000-\0001\0000\000\051}{section.2.4}% 211
\BOOKMARK [2][-]{subsection.2.4.189}{\376\377\0000\000.\0004\000.\0000\0006\0007\000\040\000\050\0002\0000\0001\0009\000-\0000\0002\000-\0000\0008\000\051}{section.2.4}% 212
\BOOKMARK [2][-]{subsection.2.4.190}{\376\377\0000\000.\0004\000.\0000\0006\0006\000\040\000\050\0002\0000\0001\0009\000-\0000\0002\000-\0000\0007\000\051}{section.2.4}% 213
\BOOKMARK [2][-]{subsection.2.4.191}{\376\377\0000\000.\0004\000.\0000\0006\0005\000\040\000\050\0002\0000\0001\0009\000-\0000\0002\000-\0000\0006\000\051}{section.2.4}% 214
\BOOKMARK [2][-]{subsection.2.4.192}{\376\377\0000\000.\0004\000.\0000\0007\0009\000\040\000\050\0002\0000\0001\0009\000-\0000\0002\000-\0000\0006\000\051}{section.2.4}% 215
\BOOKMARK [2][-]{subsection.2.4.193}{\376\377\0000\000.\0004\000.\0000\0006\0004\000\040\000\050\0002\0000\0001\0009\000-\0000\0002\000-\0000\0005\000\051}{section.2.4}% 216
\BOOKMARK [2][-]{subsection.2.4.194}{\376\377\0000\000.\0004\000.\0000\0006\0003\000\040\000\050\0002\0000\0001\0009\000-\0000\0002\000-\0000\0004\000\051}{section.2.4}% 217
\BOOKMARK [2][-]{subsection.2.4.195}{\376\377\0000\000.\0004\000.\0000\0007\0008\000\040\000\050\0002\0000\0001\0009\000-\0000\0002\000-\0000\0004\000\051}{section.2.4}% 218
\BOOKMARK [2][-]{subsection.2.4.196}{\376\377\0000\000.\0004\000.\0000\0006\0002\000\040\000\050\0002\0000\0001\0009\000-\0000\0002\000-\0000\0003\000\051}{section.2.4}% 219
\BOOKMARK [2][-]{subsection.2.4.197}{\376\377\0000\000.\0004\000.\0000\0006\0001\000\040\000\050\0002\0000\0001\0009\000-\0000\0002\000-\0000\0001\000\051}{section.2.4}% 220
\BOOKMARK [2][-]{subsection.2.4.198}{\376\377\0000\000.\0004\000.\0000\0007\0007\000\040\000\050\0002\0000\0001\0009\000-\0000\0002\000-\0000\0001\000\051}{section.2.4}% 221
\BOOKMARK [2][-]{subsection.2.4.199}{\376\377\0000\000.\0004\000.\0000\0006\0000\000\040\000\050\0002\0000\0001\0009\000-\0000\0001\000-\0003\0001\000\051}{section.2.4}% 222
\BOOKMARK [2][-]{subsection.2.4.200}{\376\377\0000\000.\0004\000.\0000\0002\0001\000\040\000\050\0002\0000\0001\0009\000-\0000\0001\000-\0003\0000\000\051}{section.2.4}% 223
\BOOKMARK [2][-]{subsection.2.4.201}{\376\377\0000\000.\0004\000.\0000\0005\0009\000\040\000\050\0002\0000\0001\0009\000-\0000\0001\000-\0003\0000\000\051}{section.2.4}% 224
\BOOKMARK [2][-]{subsection.2.4.202}{\376\377\0000\000.\0004\000.\0000\0002\0000\000\040\000\050\0002\0000\0001\0009\000-\0000\0001\000-\0002\0009\000\051}{section.2.4}% 225
\BOOKMARK [2][-]{subsection.2.4.203}{\376\377\0000\000.\0004\000.\0000\0005\0008\000\040\000\050\0002\0000\0001\0009\000-\0000\0001\000-\0002\0008\000\051}{section.2.4}% 226
\BOOKMARK [2][-]{subsection.2.4.204}{\376\377\0000\000.\0004\000.\0000\0001\0007\000\040\000\050\0002\0000\0001\0009\000-\0000\0001\000-\0002\0008\000\051}{section.2.4}% 227
\BOOKMARK [2][-]{subsection.2.4.205}{\376\377\0000\000.\0004\000.\0000\0005\0007\000\040\000\050\0002\0000\0001\0009\000-\0000\0001\000-\0002\0006\000\051}{section.2.4}% 228
\BOOKMARK [2][-]{subsection.2.4.206}{\376\377\0000\000.\0004\000.\0000\0005\0006\000\040\000\050\0002\0000\0001\0009\000-\0000\0001\000-\0002\0005\000\051}{section.2.4}% 229
\BOOKMARK [2][-]{subsection.2.4.207}{\376\377\0000\000.\0004\000.\0000\0005\0005\000\040\000\050\0002\0000\0001\0009\000-\0000\0001\000-\0002\0004\000\051}{section.2.4}% 230
\BOOKMARK [2][-]{subsection.2.4.208}{\376\377\0000\000.\0004\000.\0000\0005\0004\000\040\000\050\0002\0000\0001\0009\000-\0000\0001\000-\0002\0003\000\051}{section.2.4}% 231
\BOOKMARK [2][-]{subsection.2.4.209}{\376\377\0000\000.\0004\000.\0000\0005\0003\000\040\000\050\0002\0000\0001\0009\000-\0000\0001\000-\0002\0002\000\051}{section.2.4}% 232
\BOOKMARK [2][-]{subsection.2.4.210}{\376\377\0000\000.\0004\000.\0000\0005\0002\000\040\000\050\0002\0000\0001\0009\000-\0000\0001\000-\0002\0001\000\051}{section.2.4}% 233
\BOOKMARK [2][-]{subsection.2.4.211}{\376\377\0000\000.\0004\000.\0000\0005\0001\000\040\000\050\0002\0000\0001\0009\000-\0000\0001\000-\0001\0009\000\051}{section.2.4}% 234
\BOOKMARK [2][-]{subsection.2.4.212}{\376\377\0000\000.\0004\000.\0000\0005\0000\000\040\000\050\0002\0000\0001\0009\000-\0000\0001\000-\0001\0008\000\051}{section.2.4}% 235
\BOOKMARK [2][-]{subsection.2.4.213}{\376\377\0000\000.\0004\000.\0000\0004\0009\000\040\000\050\0002\0000\0001\0009\000-\0000\0001\000-\0001\0007\000\051}{section.2.4}% 236
\BOOKMARK [2][-]{subsection.2.4.214}{\376\377\0000\000.\0004\000.\0000\0004\0008\000\040\000\050\0002\0000\0001\0009\000-\0000\0001\000-\0001\0006\000\051}{section.2.4}% 237
\BOOKMARK [2][-]{subsection.2.4.215}{\376\377\0000\000.\0004\000.\0000\0004\0007\000\040\000\050\0002\0000\0001\0009\000-\0000\0001\000-\0001\0005\000\051}{section.2.4}% 238
\BOOKMARK [2][-]{subsection.2.4.216}{\376\377\0000\000.\0004\000.\0000\0001\0006\000\040\000\050\0002\0000\0001\0009\000-\0000\0001\000-\0001\0005\000\051}{section.2.4}% 239
\BOOKMARK [2][-]{subsection.2.4.217}{\376\377\0000\000.\0004\000.\0000\0004\0006\000\040\000\050\0002\0000\0001\0009\000-\0000\0001\000-\0001\0001\000\051}{section.2.4}% 240
\BOOKMARK [2][-]{subsection.2.4.218}{\376\377\0000\000.\0004\000.\0000\0004\0005\000\040\000\050\0002\0000\0001\0009\000-\0000\0001\000-\0000\0009\000\051}{section.2.4}% 241
\BOOKMARK [2][-]{subsection.2.4.219}{\376\377\0000\000.\0004\000.\0000\0004\0004\000\040\000\050\0002\0000\0001\0009\000-\0000\0001\000-\0000\0008\000\051}{section.2.4}% 242
\BOOKMARK [2][-]{subsection.2.4.220}{\376\377\0000\000.\0004\000.\0000\0001\0005\000\040\000\050\0002\0000\0001\0009\000-\0000\0001\000-\0000\0008\000\051}{section.2.4}% 243
\BOOKMARK [2][-]{subsection.2.4.221}{\376\377\0000\000.\0004\000.\0000\0001\0004\000\040\000\050\0002\0000\0001\0009\000-\0000\0001\000-\0000\0007\000\051}{section.2.4}% 244
\BOOKMARK [2][-]{subsection.2.4.222}{\376\377\0000\000.\0004\000.\0000\0004\0003\000\040\000\050\0002\0000\0001\0008\000-\0001\0002\000-\0002\0001\000\051}{section.2.4}% 245
\BOOKMARK [2][-]{subsection.2.4.223}{\376\377\0000\000.\0004\000.\0000\0001\0003\000\040\000\050\0002\0000\0001\0008\000-\0001\0002\000-\0001\0009\000\051}{section.2.4}% 246
\BOOKMARK [2][-]{subsection.2.4.224}{\376\377\0000\000.\0004\000.\0000\0004\0002\000\040\000\050\0002\0000\0001\0008\000-\0001\0002\000-\0001\0009\000\051}{section.2.4}% 247
\BOOKMARK [2][-]{subsection.2.4.225}{\376\377\0000\000.\0004\000.\0000\0004\0001\000\040\000\050\0002\0000\0001\0008\000-\0001\0002\000-\0001\0008\000\051}{section.2.4}% 248
\BOOKMARK [2][-]{subsection.2.4.226}{\376\377\0000\000.\0004\000.\0000\0001\0002\000\040\000\050\0002\0000\0001\0008\000-\0001\0002\000-\0001\0008\000\051}{section.2.4}% 249
\BOOKMARK [2][-]{subsection.2.4.227}{\376\377\0000\000.\0004\000.\0000\0004\0000\000\040\000\050\0002\0000\0001\0008\000-\0001\0002\000-\0001\0007\000\051}{section.2.4}% 250
\BOOKMARK [2][-]{subsection.2.4.228}{\376\377\0000\000.\0004\000.\0000\0001\0001\000\040\000\050\0002\0000\0001\0008\000-\0001\0002\000-\0001\0007\000\051}{section.2.4}% 251
\BOOKMARK [2][-]{subsection.2.4.229}{\376\377\0000\000.\0004\000.\0000\0001\0000\000\040\000\050\0002\0000\0001\0008\000-\0001\0002\000-\0001\0006\000\051}{section.2.4}% 252
\BOOKMARK [2][-]{subsection.2.4.230}{\376\377\0000\000.\0004\000.\0000\0003\0009\000\040\000\050\0002\0000\0001\0008\000-\0001\0002\000-\0001\0005\000\051}{section.2.4}% 253
\BOOKMARK [2][-]{subsection.2.4.231}{\376\377\0000\000.\0004\000.\0000\0000\0009\000\040\000\050\0002\0000\0001\0008\000-\0001\0002\000-\0001\0004\000\051}{section.2.4}% 254
\BOOKMARK [2][-]{subsection.2.4.232}{\376\377\0000\000.\0004\000.\0000\0003\0008\000\040\000\050\0002\0000\0001\0008\000-\0001\0002\000-\0001\0004\000\051}{section.2.4}% 255
\BOOKMARK [2][-]{subsection.2.4.233}{\376\377\0000\000.\0004\000.\0000\0003\0007\000\040\000\050\0002\0000\0001\0008\000-\0001\0002\000-\0001\0003\000\051}{section.2.4}% 256
\BOOKMARK [2][-]{subsection.2.4.234}{\376\377\0000\000.\0004\000.\0000\0000\0008\000\040\000\050\0002\0000\0001\0008\000-\0001\0002\000-\0001\0003\000\051}{section.2.4}% 257
\BOOKMARK [2][-]{subsection.2.4.235}{\376\377\0000\000.\0004\000.\0000\0000\0007\000\040\000\050\0002\0000\0001\0008\000-\0001\0002\000-\0001\0003\000\051}{section.2.4}% 258
\BOOKMARK [2][-]{subsection.2.4.236}{\376\377\0000\000.\0004\000.\0000\0000\0006\000\040\000\050\0002\0000\0001\0008\000-\0001\0002\000-\0001\0002\000\051}{section.2.4}% 259
\BOOKMARK [2][-]{subsection.2.4.237}{\376\377\0000\000.\0004\000.\0000\0000\0005\000\040\000\050\0002\0000\0001\0008\000-\0001\0002\000-\0001\0001\000\051}{section.2.4}% 260
\BOOKMARK [2][-]{subsection.2.4.238}{\376\377\0000\000.\0004\000.\0000\0003\0006\000\040\000\050\0002\0000\0001\0008\000-\0001\0002\000-\0001\0001\000\051}{section.2.4}% 261
\BOOKMARK [2][-]{subsection.2.4.239}{\376\377\0000\000.\0004\000.\0000\0000\0004\000\040\000\050\0002\0000\0001\0008\000-\0001\0002\000-\0001\0000\000\051}{section.2.4}% 262
\BOOKMARK [2][-]{subsection.2.4.240}{\376\377\0000\000.\0004\000.\0000\0003\0005\000\040\000\050\0002\0000\0001\0008\000-\0001\0002\000-\0001\0000\000\051}{section.2.4}% 263
\BOOKMARK [2][-]{subsection.2.4.241}{\376\377\0000\000.\0004\000.\0000\0000\0003\000\040\000\050\0002\0000\0001\0008\000-\0001\0002\000-\0001\0000\000\051}{section.2.4}% 264
\BOOKMARK [2][-]{subsection.2.4.242}{\376\377\0000\000.\0004\000.\0000\0000\0001\000\040\000\050\0002\0000\0001\0008\000-\0001\0002\000-\0000\0008\000\051}{section.2.4}% 265
\BOOKMARK [2][-]{subsection.2.4.243}{\376\377\0000\000.\0004\000.\0000\0000\0002\000\040\000\050\0002\0000\0001\0008\000-\0001\0002\000-\0000\0008\000\051}{section.2.4}% 266
\BOOKMARK [2][-]{subsection.2.4.244}{\376\377\0000\000.\0003\000.\0000\0007\0007\000\040\000\050\0002\0000\0001\0008\000-\0001\0002\000-\0000\0007\000\051}{section.2.4}% 267
\BOOKMARK [2][-]{subsection.2.4.245}{\376\377\0000\000.\0003\000.\0000\0007\0006\000\040\000\050\0002\0000\0001\0008\000-\0001\0002\000-\0000\0005\000\051}{section.2.4}% 268
\BOOKMARK [2][-]{subsection.2.4.246}{\376\377\0000\000.\0003\000.\0000\0007\0005\000\040\000\050\0002\0000\0001\0008\000-\0001\0002\000-\0000\0004\000\051}{section.2.4}% 269
\BOOKMARK [2][-]{subsection.2.4.247}{\376\377\0000\000.\0003\000.\0000\0007\0004\000\040\000\050\0002\0000\0001\0008\000-\0001\0002\000-\0000\0003\000\051}{section.2.4}% 270
\BOOKMARK [2][-]{subsection.2.4.248}{\376\377\0000\000.\0003\000.\0000\0007\0003\000\040\000\050\0002\0000\0001\0008\000-\0001\0001\000-\0003\0000\000\051}{section.2.4}% 271
\BOOKMARK [2][-]{subsection.2.4.249}{\376\377\0000\000.\0003\000.\0000\0007\0002\000\040\000\050\0002\0000\0001\0008\000-\0001\0001\000-\0002\0008\000\051}{section.2.4}% 272
\BOOKMARK [2][-]{subsection.2.4.250}{\376\377\0000\000.\0003\000.\0000\0007\0001\000\040\000\050\0002\0000\0001\0008\000-\0001\0001\000-\0002\0007\000\051}{section.2.4}% 273
\BOOKMARK [2][-]{subsection.2.4.251}{\376\377\0000\000.\0003\000.\0000\0007\0000\000\040\000\050\0002\0000\0001\0008\000-\0001\0001\000-\0002\0006\000\051}{section.2.4}% 274
\BOOKMARK [2][-]{subsection.2.4.252}{\376\377\0000\000.\0003\000.\0000\0006\0009\000\040\000\050\0002\0000\0001\0008\000-\0001\0001\000-\0002\0006\000\051}{section.2.4}% 275
\BOOKMARK [2][-]{subsection.2.4.253}{\376\377\0000\000.\0003\000.\0000\0006\0008\000\040\000\050\0002\0000\0001\0008\000-\0001\0001\000-\0002\0004\000\051}{section.2.4}% 276
\BOOKMARK [2][-]{subsection.2.4.254}{\376\377\0000\000.\0003\000.\0000\0006\0007\000\040\000\050\0002\0000\0001\0008\000-\0001\0001\000-\0002\0004\000\051}{section.2.4}% 277
\BOOKMARK [2][-]{subsection.2.4.255}{\376\377\0000\000.\0003\000.\0000\0006\0006\000\040\000\050\0002\0000\0001\0008\000-\0001\0001\000-\0002\0003\000\051}{section.2.4}% 278
\BOOKMARK [2][-]{subsection.2.4.256}{\376\377\0000\000.\0003\000.\0000\0006\0005\000\040\000\050\0002\0000\0001\0008\000-\0001\0001\000-\0002\0002\000\051}{section.2.4}% 279
\BOOKMARK [2][-]{subsection.2.4.257}{\376\377\0000\000.\0003\000.\0000\0006\0004\000\040\000\050\0002\0000\0001\0008\000-\0001\0001\000-\0002\0001\000\051}{section.2.4}% 280
\BOOKMARK [2][-]{subsection.2.4.258}{\376\377\0000\000.\0003\000.\0000\0006\0003\000\040\000\050\0002\0000\0001\0008\000-\0001\0001\000-\0002\0000\000\051}{section.2.4}% 281
\BOOKMARK [2][-]{subsection.2.4.259}{\376\377\0000\000.\0004\000.\0000\0003\0004\000\040\000\050\0002\0000\0001\0008\000-\0001\0001\000-\0001\0004\000\051}{section.2.4}% 282
\BOOKMARK [2][-]{subsection.2.4.260}{\376\377\0000\000.\0003\000.\0000\0006\0002\000\040\000\050\0002\0000\0001\0008\000-\0001\0001\000-\0001\0004\000\051}{section.2.4}% 283
\BOOKMARK [2][-]{subsection.2.4.261}{\376\377\0000\000.\0004\000.\0000\0003\0003\000\040\000\050\0002\0000\0001\0008\000-\0001\0001\000-\0000\0009\000\051}{section.2.4}% 284
\BOOKMARK [2][-]{subsection.2.4.262}{\376\377\0000\000.\0003\000.\0000\0006\0000\000\040\000\050\0002\0000\0001\0008\000-\0001\0001\000-\0000\0008\000\051}{section.2.4}% 285
\BOOKMARK [2][-]{subsection.2.4.263}{\376\377\0000\000.\0003\000.\0000\0006\0001\000\040\000\050\0002\0000\0001\0008\000-\0001\0001\000-\0000\0008\000\051}{section.2.4}% 286
\BOOKMARK [2][-]{subsection.2.4.264}{\376\377\0000\000.\0003\000.\0000\0005\0006\000\040\000\050\0002\0000\0001\0008\000-\0001\0001\000-\0000\0008\000\051}{section.2.4}% 287
\BOOKMARK [2][-]{subsection.2.4.265}{\376\377\0000\000.\0004\000.\0000\0003\0002\000\040\000\050\0002\0000\0001\0008\000-\0001\0001\000-\0000\0007\000\051}{section.2.4}% 288
\BOOKMARK [2][-]{subsection.2.4.266}{\376\377\0000\000.\0003\000.\0000\0005\0005\000\040\000\050\0002\0000\0001\0008\000-\0001\0001\000-\0000\0007\000\051}{section.2.4}% 289
\BOOKMARK [2][-]{subsection.2.4.267}{\376\377\0000\000.\0004\000.\0000\0003\0001\000\040\000\050\0002\0000\0001\0008\000-\0001\0001\000-\0000\0006\000\051}{section.2.4}% 290
\BOOKMARK [2][-]{subsection.2.4.268}{\376\377\0000\000.\0004\000.\0000\0003\0000\000\040\000\050\0002\0000\0001\0008\000-\0001\0001\000-\0000\0005\000\051}{section.2.4}% 291
\BOOKMARK [2][-]{subsection.2.4.269}{\376\377\0000\000.\0004\000.\0000\0002\0009\000\040\000\050\0002\0000\0001\0008\000-\0001\0001\000-\0000\0004\000\051}{section.2.4}% 292
\BOOKMARK [2][-]{subsection.2.4.270}{\376\377\0000\000.\0004\000.\0000\0002\0008\000\040\000\050\0002\0000\0001\0008\000-\0001\0001\000-\0000\0002\000\051}{section.2.4}% 293
\BOOKMARK [2][-]{subsection.2.4.271}{\376\377\0000\000.\0003\000.\0000\0005\0009\000\040\000\050\0002\0000\0001\0008\000-\0001\0001\000-\0000\0001\000\051}{section.2.4}% 294
\BOOKMARK [2][-]{subsection.2.4.272}{\376\377\0000\000.\0004\000.\0000\0002\0007\000\040\000\050\0002\0000\0001\0008\000-\0001\0001\000-\0000\0001\000\051}{section.2.4}% 295
\BOOKMARK [2][-]{subsection.2.4.273}{\376\377\0000\000.\0003\000.\0000\0005\0008\000\040\000\050\0002\0000\0001\0008\000-\0001\0000\000-\0003\0001\000\051}{section.2.4}% 296
\BOOKMARK [2][-]{subsection.2.4.274}{\376\377\0000\000.\0004\000.\0000\0002\0006\000\040\000\050\0002\0000\0001\0008\000-\0001\0000\000-\0003\0001\000\051}{section.2.4}% 297
\BOOKMARK [2][-]{subsection.2.4.275}{\376\377\0000\000.\0003\000.\0000\0005\0004\000\040\000\050\0002\0000\0001\0008\000-\0001\0000\000-\0003\0000\000\051}{section.2.4}% 298
\BOOKMARK [2][-]{subsection.2.4.276}{\376\377\0000\000.\0003\000.\0000\0005\0007\000\040\000\050\0002\0000\0001\0008\000-\0001\0000\000-\0003\0000\000\051}{section.2.4}% 299
\BOOKMARK [2][-]{subsection.2.4.277}{\376\377\0000\000.\0003\000.\0000\0005\0003\000\040\000\050\0002\0000\0001\0008\000-\0001\0000\000-\0002\0009\000\051}{section.2.4}% 300
\BOOKMARK [2][-]{subsection.2.4.278}{\376\377\0000\000.\0003\000.\0000\0005\0002\000\040\000\050\0002\0000\0001\0008\000-\0001\0000\000-\0002\0009\000\051}{section.2.4}% 301
\BOOKMARK [2][-]{subsection.2.4.279}{\376\377\0000\000.\0003\000.\0000\0005\0001\000\040\000\050\0002\0000\0001\0008\000-\0001\0000\000-\0002\0006\000\051}{section.2.4}% 302
\BOOKMARK [2][-]{subsection.2.4.280}{\376\377\0000\000.\0003\000.\0000\0005\0000\000\040\000\050\0002\0000\0001\0008\000-\0001\0000\000-\0002\0006\000\051}{section.2.4}% 303
\BOOKMARK [2][-]{subsection.2.4.281}{\376\377\0000\000.\0003\000.\0000\0004\0009\000\040\000\050\0002\0000\0001\0008\000-\0001\0000\000-\0002\0005\000\051}{section.2.4}% 304
\BOOKMARK [2][-]{subsection.2.4.282}{\376\377\0000\000.\0003\000.\0000\0004\0008\000\040\000\050\0002\0000\0001\0008\000-\0001\0000\000-\0002\0004\000\051}{section.2.4}% 305
\BOOKMARK [2][-]{subsection.2.4.283}{\376\377\0000\000.\0003\000.\0000\0004\0007\000\040\000\050\0002\0000\0001\0008\000-\0001\0000\000-\0002\0003\000\051}{section.2.4}% 306
\BOOKMARK [2][-]{subsection.2.4.284}{\376\377\0000\000.\0003\000.\0000\0004\0006\000\040\000\050\0002\0000\0001\0008\000-\0001\0000\000-\0002\0002\000\051}{section.2.4}% 307
\BOOKMARK [2][-]{subsection.2.4.285}{\376\377\0000\000.\0003\000.\0000\0004\0005\000\040\000\050\0002\0000\0001\0008\000-\0001\0000\000-\0002\0002\000\051}{section.2.4}% 308
\BOOKMARK [2][-]{subsection.2.4.286}{\376\377\0000\000.\0003\000.\0000\0004\0003\000\040\000\050\0002\0000\0001\0008\000-\0001\0000\000-\0001\0009\000\051}{section.2.4}% 309
\BOOKMARK [2][-]{subsection.2.4.287}{\376\377\0000\000.\0003\000.\0000\0004\0002\000\040\000\050\0002\0000\0001\0008\000-\0001\0000\000-\0001\0008\000\051}{section.2.4}% 310
\BOOKMARK [2][-]{subsection.2.4.288}{\376\377\0000\000.\0003\000.\0000\0004\0000\000\040\000\050\0002\0000\0001\0008\000-\0001\0000\000-\0001\0007\000\051}{section.2.4}% 311
\BOOKMARK [2][-]{subsection.2.4.289}{\376\377\0000\000.\0003\000.\0000\0004\0001\000\040\000\050\0002\0000\0001\0008\000-\0001\0000\000-\0001\0007\000\051}{section.2.4}% 312
\BOOKMARK [2][-]{subsection.2.4.290}{\376\377\0000\000.\0003\000.\0000\0003\0008\000\040\000\050\0002\0000\0001\0008\000-\0001\0000\000-\0001\0006\000\051}{section.2.4}% 313
\BOOKMARK [2][-]{subsection.2.4.291}{\376\377\0000\000.\0003\000.\0000\0003\0009\000\040\000\050\0002\0000\0001\0008\000-\0001\0000\000-\0001\0006\000\051}{section.2.4}% 314
\BOOKMARK [2][-]{subsection.2.4.292}{\376\377\0000\000.\0003\000.\0000\0004\0004\000\040\000\050\0002\0000\0001\0008\000-\0001\0000\000-\0001\0006\000\051}{section.2.4}% 315
\BOOKMARK [2][-]{subsection.2.4.293}{\376\377\0000\000.\0003\000.\0000\0003\0007\000\040\000\050\0002\0000\0001\0008\000-\0001\0000\000-\0001\0005\000\051}{section.2.4}% 316
\BOOKMARK [2][-]{subsection.2.4.294}{\376\377\0000\000.\0003\000.\0000\0003\0006\000\040\000\050\0002\0000\0001\0008\000-\0001\0000\000-\0001\0004\000\051}{section.2.4}% 317
\BOOKMARK [2][-]{subsection.2.4.295}{\376\377\0000\000.\0003\000.\0000\0003\0005\000\040\000\050\0002\0000\0001\0008\000-\0001\0000\000-\0001\0002\000\051}{section.2.4}% 318
\BOOKMARK [2][-]{subsection.2.4.296}{\376\377\0000\000.\0003\000.\0000\0003\0004\000\040\000\050\0002\0000\0001\0008\000-\0001\0000\000-\0001\0001\000\051}{section.2.4}% 319
\BOOKMARK [2][-]{subsection.2.4.297}{\376\377\0000\000.\0003\000.\0000\0003\0002\000\040\000\050\0002\0000\0001\0008\000-\0001\0000\000-\0001\0001\000\051}{section.2.4}% 320
\BOOKMARK [2][-]{subsection.2.4.298}{\376\377\0000\000.\0003\000.\0000\0003\0001\000\040\000\050\0002\0000\0001\0008\000-\0001\0000\000-\0001\0000\000\051}{section.2.4}% 321
\BOOKMARK [2][-]{subsection.2.4.299}{\376\377\0000\000.\0003\000.\0000\0003\0000\000\040\000\050\0002\0000\0001\0008\000-\0001\0000\000-\0000\0009\000\051}{section.2.4}% 322
\BOOKMARK [2][-]{subsection.2.4.300}{\376\377\0000\000.\0004\000.\0000\0002\0005\000\040\000\050\0002\0000\0001\0008\000-\0001\0000\000-\0000\0006\000\051}{section.2.4}% 323
\BOOKMARK [2][-]{subsection.2.4.301}{\376\377\0000\000.\0003\000.\0000\0002\0009\000\040\000\050\0002\0000\0001\0008\000-\0001\0000\000-\0000\0006\000\051}{section.2.4}% 324
\BOOKMARK [2][-]{subsection.2.4.302}{\376\377\0000\000.\0003\000.\0000\0002\0008\000\040\000\050\0002\0000\0001\0008\000-\0001\0000\000-\0000\0005\000\051}{section.2.4}% 325
\BOOKMARK [2][-]{subsection.2.4.303}{\376\377\0000\000.\0003\000.\0000\0002\0007\000\040\000\050\0002\0000\0001\0008\000-\0001\0000\000-\0000\0005\000\051}{section.2.4}% 326
\BOOKMARK [2][-]{subsection.2.4.304}{\376\377\0000\000.\0003\000.\0000\0002\0006\000\040\000\050\0002\0000\0001\0008\000-\0001\0000\000-\0000\0005\000\051}{section.2.4}% 327
\BOOKMARK [2][-]{subsection.2.4.305}{\376\377\0000\000.\0003\000.\0000\0002\0005\000\040\000\050\0002\0000\0001\0008\000-\0001\0000\000-\0000\0004\000\051}{section.2.4}% 328
\BOOKMARK [2][-]{subsection.2.4.306}{\376\377\0000\000.\0003\000.\0000\0002\0004\000\040\000\050\0002\0000\0001\0008\000-\0001\0000\000-\0000\0003\000\051}{section.2.4}% 329
\BOOKMARK [2][-]{subsection.2.4.307}{\376\377\0000\000.\0003\000.\0000\0002\0003\000\040\000\050\0002\0000\0001\0008\000-\0001\0000\000-\0000\0002\000\051}{section.2.4}% 330
\BOOKMARK [2][-]{subsection.2.4.308}{\376\377\0000\000.\0003\000.\0000\0002\0002\000\040\000\050\0002\0000\0001\0008\000-\0001\0000\000-\0000\0001\000\051}{section.2.4}% 331
\BOOKMARK [2][-]{subsection.2.4.309}{\376\377\0000\000.\0003\000.\0000\0002\0001\000\040\000\050\0002\0000\0001\0008\000-\0000\0009\000-\0002\0006\000\051}{section.2.4}% 332
\BOOKMARK [2][-]{subsection.2.4.310}{\376\377\0000\000.\0003\000.\0000\0002\0000\000\040\000\050\0002\0000\0001\0008\000-\0000\0009\000-\0002\0005\000\051}{section.2.4}% 333
\BOOKMARK [2][-]{subsection.2.4.311}{\376\377\0000\000.\0003\000.\0000\0001\0009\000\040\000\050\0002\0000\0001\0008\000-\0000\0009\000-\0002\0004\000\051}{section.2.4}% 334
\BOOKMARK [2][-]{subsection.2.4.312}{\376\377\0000\000.\0003\000.\0000\0001\0008\000\040\000\050\0002\0000\0001\0008\000-\0000\0009\000-\0002\0001\000\051}{section.2.4}% 335
\BOOKMARK [2][-]{subsection.2.4.313}{\376\377\0000\000.\0003\000.\0000\0001\0007\000\040\000\050\0002\0000\0001\0008\000-\0000\0009\000-\0002\0001\000\051}{section.2.4}% 336
\BOOKMARK [2][-]{subsection.2.4.314}{\376\377\0000\000.\0003\000.\0000\0001\0006\000\040\000\050\0002\0000\0001\0008\000-\0000\0009\000-\0002\0001\000\051}{section.2.4}% 337
\BOOKMARK [2][-]{subsection.2.4.315}{\376\377\0000\000.\0003\000.\0000\0001\0005\000\040\000\050\0002\0000\0001\0008\000-\0000\0009\000-\0001\0009\000\051}{section.2.4}% 338
\BOOKMARK [2][-]{subsection.2.4.316}{\376\377\0000\000.\0003\000.\0000\0001\0002\000\040\000\050\0002\0000\0001\0008\000-\0000\0009\000-\0001\0009\000\051}{section.2.4}% 339
\BOOKMARK [2][-]{subsection.2.4.317}{\376\377\0000\000.\0003\000.\0000\0001\0003\000\040\000\050\0002\0000\0001\0008\000-\0000\0009\000-\0001\0009\000\051}{section.2.4}% 340
\BOOKMARK [2][-]{subsection.2.4.318}{\376\377\0000\000.\0003\000.\0000\0001\0001\000\040\000\050\0002\0000\0001\0008\000-\0000\0009\000-\0001\0009\000\051}{section.2.4}% 341
\BOOKMARK [2][-]{subsection.2.4.319}{\376\377\0000\000.\0004\000.\0000\0002\0004\000\040\000\050\0002\0000\0001\0008\000-\0000\0009\000-\0001\0008\000\051}{section.2.4}% 342
\BOOKMARK [2][-]{subsection.2.4.320}{\376\377\0000\000.\0003\000.\0000\0001\0000\000\040\000\050\0002\0000\0001\0008\000-\0000\0009\000-\0001\0008\000\051}{section.2.4}% 343
\BOOKMARK [2][-]{subsection.2.4.321}{\376\377\0000\000.\0003\000.\0000\0000\0009\000\040\000\050\0002\0000\0001\0008\000-\0000\0009\000-\0001\0007\000\051}{section.2.4}% 344
\BOOKMARK [2][-]{subsection.2.4.322}{\376\377\0000\000.\0004\000.\0000\0002\0003\000\040\000\050\0002\0000\0001\0008\000-\0000\0009\000-\0001\0007\000\051}{section.2.4}% 345
\BOOKMARK [2][-]{subsection.2.4.323}{\376\377\0000\000.\0004\000.\0000\0002\0002\000\040\000\050\0002\0000\0001\0008\000-\0000\0009\000-\0001\0004\000\051}{section.2.4}% 346
\BOOKMARK [2][-]{subsection.2.4.324}{\376\377\0000\000.\0003\000.\0000\0000\0008\000\040\000\050\0002\0000\0001\0008\000-\0000\0009\000-\0001\0003\000\051}{section.2.4}% 347
\BOOKMARK [2][-]{subsection.2.4.325}{\376\377\0000\000.\0003\000.\0000\0000\0007\000\040\000\050\0002\0000\0001\0008\000-\0000\0009\000-\0001\0003\000\051}{section.2.4}% 348
\BOOKMARK [2][-]{subsection.2.4.326}{\376\377\0000\000.\0003\000.\0000\0000\0006\000\040\000\050\0002\0000\0001\0008\000-\0000\0009\000-\0001\0002\000\051}{section.2.4}% 349
\BOOKMARK [2][-]{subsection.2.4.327}{\376\377\0000\000.\0003\000.\0000\0000\0005\000\040\000\050\0002\0000\0001\0008\000-\0000\0009\000-\0001\0001\000\051}{section.2.4}% 350
\BOOKMARK [2][-]{subsection.2.4.328}{\376\377\0000\000.\0003\000.\0000\0003\0003\000\040\000\050\0002\0000\0001\0008\000-\0000\0009\000-\0001\0001\000\051}{section.2.4}% 351
\BOOKMARK [2][-]{subsection.2.4.329}{\376\377\0000\000.\0003\000.\0000\0000\0004\000\040\000\050\0002\0000\0001\0008\000-\0000\0009\000-\0001\0001\000\051}{section.2.4}% 352
\BOOKMARK [2][-]{subsection.2.4.330}{\376\377\0000\000.\0003\000.\0000\0000\0003\000\040\000\050\0002\0000\0001\0008\000-\0000\0009\000-\0001\0000\000\051}{section.2.4}% 353
\BOOKMARK [2][-]{subsection.2.4.331}{\376\377\0000\000.\0003\000.\0000\0000\0002\000\040\000\050\0002\0000\0001\0008\000-\0000\0009\000-\0000\0007\000\051}{section.2.4}% 354
\BOOKMARK [2][-]{subsection.2.4.332}{\376\377\0000\000.\0003\000.\0000\0000\0000\000\040\000\050\0002\0000\0001\0008\000-\0000\0009\000-\0000\0006\000\051}{section.2.4}% 355
\BOOKMARK [2][-]{subsection.2.4.333}{\376\377\0000\000.\0002\000.\0001\0002\0008\000\040\000\050\0002\0000\0001\0008\000-\0000\0009\000-\0000\0006\000\051}{section.2.4}% 356
\BOOKMARK [2][-]{subsection.2.4.334}{\376\377\0000\000.\0002\000.\0001\0002\0004\000\040\000\050\0002\0000\0001\0008\000-\0000\0009\000-\0000\0005\000\051}{section.2.4}% 357
\BOOKMARK [2][-]{subsection.2.4.335}{\376\377\0000\000.\0002\000.\0001\0002\0005\000\040\000\050\0002\0000\0001\0008\000-\0000\0009\000-\0000\0005\000\051}{section.2.4}% 358
\BOOKMARK [2][-]{subsection.2.4.336}{\376\377\0000\000.\0002\000.\0001\0002\0006\000\040\000\050\0002\0000\0001\0008\000-\0000\0009\000-\0000\0005\000\051}{section.2.4}% 359
\BOOKMARK [2][-]{subsection.2.4.337}{\376\377\0000\000.\0002\000.\0001\0002\0007\000\040\000\050\0002\0000\0001\0008\000-\0000\0009\000-\0000\0005\000\051}{section.2.4}% 360
\BOOKMARK [2][-]{subsection.2.4.338}{\376\377\0000\000.\0002\000.\0001\0002\0003\000\040\000\050\0002\0000\0001\0008\000-\0000\0009\000-\0000\0004\000\051}{section.2.4}% 361
\BOOKMARK [2][-]{subsection.2.4.339}{\376\377\0000\000.\0002\000.\0001\0002\0001\000\040\000\050\0002\0000\0001\0008\000-\0000\0009\000-\0000\0004\000\051}{section.2.4}% 362
\BOOKMARK [2][-]{subsection.2.4.340}{\376\377\0000\000.\0002\000.\0001\0002\0002\000\040\000\050\0002\0000\0001\0008\000-\0000\0009\000-\0000\0003\000\051}{section.2.4}% 363
\BOOKMARK [2][-]{subsection.2.4.341}{\376\377\0000\000.\0002\000.\0001\0002\0000\000\040\000\050\0002\0000\0001\0008\000-\0000\0008\000-\0003\0001\000\051}{section.2.4}% 364
\BOOKMARK [2][-]{subsection.2.4.342}{\376\377\0000\000.\0002\000.\0001\0001\0007\000\040\000\050\0002\0000\0001\0008\000-\0000\0008\000-\0003\0001\000\051}{section.2.4}% 365
\BOOKMARK [2][-]{subsection.2.4.343}{\376\377\0000\000.\0002\000.\0001\0001\0006\000\040\000\050\0002\0000\0001\0008\000-\0000\0008\000-\0003\0000\000\051}{section.2.4}% 366
\BOOKMARK [2][-]{subsection.2.4.344}{\376\377\0000\000.\0002\000.\0001\0001\0004\000\040\000\050\0002\0000\0001\0008\000-\0000\0008\000-\0002\0009\000\051}{section.2.4}% 367
\BOOKMARK [2][-]{subsection.2.4.345}{\376\377\0000\000.\0002\000.\0001\0001\0005\000\040\000\050\0002\0000\0001\0008\000-\0000\0008\000-\0002\0009\000\051}{section.2.4}% 368
\BOOKMARK [2][-]{subsection.2.4.346}{\376\377\0000\000.\0002\000.\0001\0001\0003\000\040\000\050\0002\0000\0001\0008\000-\0000\0008\000-\0002\0008\000\051}{section.2.4}% 369
\BOOKMARK [2][-]{subsection.2.4.347}{\376\377\0000\000.\0002\000.\0001\0001\0008\000\040\000\050\0002\0000\0001\0008\000-\0000\0008\000-\0002\0007\000\051}{section.2.4}% 370
\BOOKMARK [2][-]{subsection.2.4.348}{\376\377\0000\000.\0002\000.\0001\0001\0009\000\040\000\050\0002\0000\0001\0008\000-\0000\0008\000-\0002\0007\000\051}{section.2.4}% 371
\BOOKMARK [2][-]{subsection.2.4.349}{\376\377\0000\000.\0002\000.\0001\0001\0002\000\040\000\050\0002\0000\0001\0008\000-\0000\0008\000-\0002\0007\000\051}{section.2.4}% 372
\BOOKMARK [2][-]{subsection.2.4.350}{\376\377\0000\000.\0002\000.\0001\0000\0007\000\040\000\050\0002\0000\0001\0008\000-\0000\0008\000-\0002\0007\000\051}{section.2.4}% 373
\BOOKMARK [2][-]{subsection.2.4.351}{\376\377\0000\000.\0002\000.\0001\0000\0006\000\040\000\050\0002\0000\0001\0008\000-\0000\0008\000-\0002\0007\000\051}{section.2.4}% 374
\BOOKMARK [2][-]{subsection.2.4.352}{\376\377\0000\000.\0002\000.\0001\0000\0005\000\040\000\050\0002\0000\0001\0008\000-\0000\0008\000-\0002\0004\000\051}{section.2.4}% 375
\BOOKMARK [2][-]{subsection.2.4.353}{\376\377\0000\000.\0002\000.\0001\0000\0004\000\040\000\050\0002\0000\0001\0008\000-\0000\0008\000-\0002\0003\000\051}{section.2.4}% 376
\BOOKMARK [2][-]{subsection.2.4.354}{\376\377\0000\000.\0002\000.\0001\0001\0000\000\040\000\050\0002\0000\0001\0008\000-\0000\0008\000-\0002\0003\000\051}{section.2.4}% 377
\BOOKMARK [2][-]{subsection.2.4.355}{\376\377\0000\000.\0002\000.\0001\0000\0003\000\040\000\050\0002\0000\0001\0008\000-\0000\0008\000-\0002\0003\000\051}{section.2.4}% 378
\BOOKMARK [2][-]{subsection.2.4.356}{\376\377\0000\000.\0002\000.\0001\0001\0001\000\040\000\050\0002\0000\0001\0008\000-\0000\0008\000-\0002\0003\000\051}{section.2.4}% 379
\BOOKMARK [2][-]{subsection.2.4.357}{\376\377\0000\000.\0002\000.\0001\0000\0009\000\040\000\050\0002\0000\0001\0008\000-\0000\0008\000-\0002\0002\000\051}{section.2.4}% 380
\BOOKMARK [2][-]{subsection.2.4.358}{\376\377\0000\000.\0002\000.\0001\0000\0008\000\040\000\050\0002\0000\0001\0008\000-\0000\0008\000-\0002\0001\000\051}{section.2.4}% 381
\BOOKMARK [2][-]{subsection.2.4.359}{\376\377\0000\000.\0002\000.\0001\0000\0002\000\040\000\050\0002\0000\0001\0008\000-\0000\0008\000-\0001\0008\000\051}{section.2.4}% 382
\BOOKMARK [2][-]{subsection.2.4.360}{\376\377\0000\000.\0002\000.\0000\0009\0009\000\040\000\050\0002\0000\0001\0008\000-\0000\0008\000-\0001\0008\000\051}{section.2.4}% 383
\BOOKMARK [2][-]{subsection.2.4.361}{\376\377\0000\000.\0002\000.\0001\0000\0001\000\040\000\050\0002\0000\0001\0008\000-\0000\0008\000-\0001\0008\000\051}{section.2.4}% 384
\BOOKMARK [2][-]{subsection.2.4.362}{\376\377\0000\000.\0002\000.\0000\0009\0006\000\040\000\050\0002\0000\0001\0008\000-\0000\0008\000-\0001\0008\000\051}{section.2.4}% 385
\BOOKMARK [2][-]{subsection.2.4.363}{\376\377\0000\000.\0002\000.\0000\0009\0005\000\040\000\050\0002\0000\0001\0008\000-\0000\0008\000-\0001\0007\000\051}{section.2.4}% 386
\BOOKMARK [2][-]{subsection.2.4.364}{\376\377\0000\000.\0002\000.\0000\0009\0008\000\040\000\050\0002\0000\0001\0008\000-\0000\0008\000-\0001\0007\000\051}{section.2.4}% 387
\BOOKMARK [2][-]{subsection.2.4.365}{\376\377\0000\000.\0002\000.\0000\0009\0004\000\040\000\050\0002\0000\0001\0008\000-\0000\0008\000-\0001\0006\000\051}{section.2.4}% 388
\BOOKMARK [2][-]{subsection.2.4.366}{\376\377\0000\000.\0002\000.\0000\0009\0007\000\040\000\050\0002\0000\0001\0008\000-\0000\0008\000-\0001\0006\000\051}{section.2.4}% 389
\BOOKMARK [2][-]{subsection.2.4.367}{\376\377\0000\000.\0002\000.\0000\0009\0003\000\040\000\050\0002\0000\0001\0008\000-\0000\0008\000-\0001\0005\000\051}{section.2.4}% 390
\BOOKMARK [2][-]{subsection.2.4.368}{\376\377\0000\000.\0002\000.\0000\0009\0002\000\040\000\050\0002\0000\0001\0008\000-\0000\0008\000-\0001\0005\000\051}{section.2.4}% 391
\BOOKMARK [2][-]{subsection.2.4.369}{\376\377\0000\000.\0002\000.\0000\0008\0009\000\040\000\050\0002\0000\0001\0008\000-\0000\0008\000-\0001\0004\000\051}{section.2.4}% 392
\BOOKMARK [2][-]{subsection.2.4.370}{\376\377\0000\000.\0002\000.\0000\0009\0000\000\040\000\050\0002\0000\0001\0008\000-\0000\0008\000-\0001\0004\000\051}{section.2.4}% 393
\BOOKMARK [2][-]{subsection.2.4.371}{\376\377\0000\000.\0002\000.\0000\0009\0001\000\040\000\050\0002\0000\0001\0008\000-\0000\0008\000-\0001\0004\000\051}{section.2.4}% 394
\BOOKMARK [2][-]{subsection.2.4.372}{\376\377\0000\000.\0002\000.\0000\0008\0008\000\040\000\050\0002\0000\0001\0008\000-\0000\0008\000-\0001\0003\000\051}{section.2.4}% 395
\BOOKMARK [2][-]{subsection.2.4.373}{\376\377\0000\000.\0002\000.\0000\0008\0007\000\040\000\050\0002\0000\0001\0008\000-\0000\0008\000-\0000\0009\000\051}{section.2.4}% 396
\BOOKMARK [2][-]{subsection.2.4.374}{\376\377\0000\000.\0002\000.\0000\0008\0003\000\040\000\050\0002\0000\0001\0008\000-\0000\0008\000-\0000\0008\000\051}{section.2.4}% 397
\BOOKMARK [2][-]{subsection.2.4.375}{\376\377\0000\000.\0002\000.\0000\0007\0002\000\040\000\050\0002\0000\0001\0008\000-\0000\0008\000-\0000\0008\000\051}{section.2.4}% 398
\BOOKMARK [2][-]{subsection.2.4.376}{\376\377\0000\000.\0002\000.\0000\0008\0004\000\040\000\050\0002\0000\0001\0008\000-\0000\0008\000-\0000\0008\000\051}{section.2.4}% 399
\BOOKMARK [2][-]{subsection.2.4.377}{\376\377\0000\000.\0002\000.\0000\0008\0005\000\040\000\050\0002\0000\0001\0008\000-\0000\0008\000-\0000\0008\000\051}{section.2.4}% 400
\BOOKMARK [2][-]{subsection.2.4.378}{\376\377\0000\000.\0002\000.\0000\0008\0006\000\040\000\050\0002\0000\0001\0008\000-\0000\0008\000-\0000\0008\000\051}{section.2.4}% 401
\BOOKMARK [2][-]{subsection.2.4.379}{\376\377\0000\000.\0002\000.\0000\0008\0002\000\040\000\050\0002\0000\0001\0008\000-\0000\0008\000-\0000\0007\000\051}{section.2.4}% 402
\BOOKMARK [2][-]{subsection.2.4.380}{\376\377\0000\000.\0002\000.\0000\0008\0001\000\040\000\050\0002\0000\0001\0008\000-\0000\0008\000-\0000\0003\000\051}{section.2.4}% 403
\BOOKMARK [2][-]{subsection.2.4.381}{\376\377\0000\000.\0002\000.\0000\0008\0000\000\040\000\050\0002\0000\0001\0008\000-\0000\0008\000-\0000\0001\000\051}{section.2.4}% 404
\BOOKMARK [2][-]{subsection.2.4.382}{\376\377\0000\000.\0002\000.\0000\0007\0009\000\040\000\050\0002\0000\0001\0008\000-\0000\0007\000-\0002\0007\000\051}{section.2.4}% 405
\BOOKMARK [2][-]{subsection.2.4.383}{\376\377\0000\000.\0002\000.\0000\0007\0007\000\040\000\050\0002\0000\0001\0008\000-\0000\0007\000-\0002\0005\000\051}{section.2.4}% 406
\BOOKMARK [2][-]{subsection.2.4.384}{\376\377\0000\000.\0002\000.\0000\0007\0008\000\040\000\050\0002\0000\0001\0008\000-\0000\0007\000-\0002\0005\000\051}{section.2.4}% 407
\BOOKMARK [2][-]{subsection.2.4.385}{\376\377\0000\000.\0002\000.\0000\0007\0001\000\040\000\050\0002\0000\0001\0008\000-\0000\0007\000-\0002\0000\000\051}{section.2.4}% 408
\BOOKMARK [2][-]{subsection.2.4.386}{\376\377\0000\000.\0002\000.\0000\0007\0000\000\040\000\050\0002\0000\0001\0008\000-\0000\0007\000-\0001\0009\000\051}{section.2.4}% 409
\BOOKMARK [2][-]{subsection.2.4.387}{\376\377\0000\000.\0002\000.\0000\0006\0009\000\040\000\050\0002\0000\0001\0008\000-\0000\0007\000-\0001\0008\000\051}{section.2.4}% 410
\BOOKMARK [2][-]{subsection.2.4.388}{\376\377\0000\000.\0005\000.\0000\0003\0008\000\040\000\050\0002\0000\0001\0008\000-\0000\0007\000-\0001\0007\000\051}{section.2.4}% 411
\BOOKMARK [2][-]{subsection.2.4.389}{\376\377\0000\000.\0002\000.\0006\0008\000\040\000\050\0002\0000\0001\0008\000-\0000\0007\000-\0001\0007\000\051}{section.2.4}% 412
\BOOKMARK [2][-]{subsection.2.4.390}{\376\377\0000\000.\0002\000.\0006\0007\000\040\000\050\0002\0000\0001\0008\000-\0000\0007\000-\0001\0006\000\051}{section.2.4}% 413
\BOOKMARK [2][-]{subsection.2.4.391}{\376\377\0000\000.\0002\000.\0000\0006\0006\000\040\000\050\0002\0000\0001\0008\000-\0000\0007\000-\0001\0005\000\051}{section.2.4}% 414
\BOOKMARK [2][-]{subsection.2.4.392}{\376\377\0000\000.\0002\000.\0000\0006\0005\000\040\000\050\0002\0000\0001\0008\000-\0000\0007\000-\0001\0003\000\051}{section.2.4}% 415
\BOOKMARK [2][-]{subsection.2.4.393}{\376\377\0000\000.\0002\000.\0000\0007\0006\000\040\000\050\0002\0000\0001\0008\000-\0000\0007\000-\0001\0003\000\051}{section.2.4}% 416
\BOOKMARK [2][-]{subsection.2.4.394}{\376\377\0000\000.\0002\000.\0000\0006\0004\000\040\000\050\0002\0000\0001\0008\000-\0000\0007\000-\0001\0002\000\051}{section.2.4}% 417
\BOOKMARK [2][-]{subsection.2.4.395}{\376\377\0000\000.\0002\000.\0000\0006\0003\000\040\000\050\0002\0000\0001\0008\000-\0000\0007\000-\0001\0001\000\051}{section.2.4}% 418
\BOOKMARK [2][-]{subsection.2.4.396}{\376\377\0000\000.\0002\000.\0000\0006\0002\000\040\000\050\0002\0000\0001\0008\000-\0000\0007\000-\0001\0000\000\051}{section.2.4}% 419
\BOOKMARK [2][-]{subsection.2.4.397}{\376\377\0000\000.\0002\000.\0000\0006\0001\000\040\000\050\0002\0000\0001\0008\000-\0000\0007\000-\0000\0009\000\051}{section.2.4}% 420
\BOOKMARK [2][-]{subsection.2.4.398}{\376\377\0000\000.\0002\000.\0000\0006\0000\000\040\000\050\0002\0000\0001\0008\000-\0000\0007\000-\0000\0005\000\051}{section.2.4}% 421
\BOOKMARK [2][-]{subsection.2.4.399}{\376\377\0000\000.\0005\000.\0000\0003\0003\000\040\000\050\0002\0000\0001\0008\000-\0000\0007\000-\0000\0004\000\051}{section.2.4}% 422
\BOOKMARK [2][-]{subsection.2.4.400}{\376\377\0000\000.\0002\000.\0000\0005\0009\000\040\000\050\0002\0000\0001\0008\000-\0000\0007\000-\0000\0004\000\051}{section.2.4}% 423
\BOOKMARK [2][-]{subsection.2.4.401}{\376\377\0000\000.\0002\000.\0000\0007\0004\000\040\000\050\0002\0000\0001\0008\000-\0000\0007\000-\0000\0004\000\051}{section.2.4}% 424
\BOOKMARK [2][-]{subsection.2.4.402}{\376\377\0000\000.\0002\000.\0000\0005\0008\000\040\000\050\0002\0000\0001\0008\000-\0000\0007\000-\0000\0003\000\051}{section.2.4}% 425
\BOOKMARK [2][-]{subsection.2.4.403}{\376\377\0000\000.\0005\000.\0000\0003\0001\000\040\000\050\0002\0000\0001\0008\000-\0000\0006\000-\0002\0009\000\051}{section.2.4}% 426
\BOOKMARK [2][-]{subsection.2.4.404}{\376\377\0000\000.\0005\000.\0000\0003\0000\000\040\000\050\0002\0000\0001\0008\000-\0000\0006\000-\0002\0008\000\051}{section.2.4}% 427
\BOOKMARK [2][-]{subsection.2.4.405}{\376\377\0000\000.\0002\000.\0000\0005\0007\000\040\000\050\0002\0000\0001\0008\000-\0000\0006\000-\0002\0008\000\051}{section.2.4}% 428
\BOOKMARK [2][-]{subsection.2.4.406}{\376\377\0000\000.\0002\000.\0000\0007\0005\000\040\000\050\0002\0000\0001\0008\000-\0000\0006\000-\0002\0008\000\051}{section.2.4}% 429
\BOOKMARK [2][-]{subsection.2.4.407}{\376\377\0000\000.\0002\000.\0000\0005\0006\000\040\000\050\0002\0000\0001\0008\000-\0000\0006\000-\0002\0007\000\051}{section.2.4}% 430
\BOOKMARK [2][-]{subsection.2.4.408}{\376\377\0000\000.\0002\000.\0000\0005\0005\000\040\000\050\0002\0000\0001\0008\000-\0000\0006\000-\0002\0006\000\051}{section.2.4}% 431
\BOOKMARK [2][-]{subsection.2.4.409}{\376\377\0000\000.\0002\000.\0000\0007\0003\000\040\000\050\0002\0000\0001\0008\000-\0000\0006\000-\0002\0006\000\051}{section.2.4}% 432
\BOOKMARK [2][-]{subsection.2.4.410}{\376\377\0000\000.\0002\0005\0004\000\040\000\050\0002\0000\0001\0008\000-\0000\0006\000-\0002\0004\000\051}{section.2.4}% 433
\BOOKMARK [2][-]{subsection.2.4.411}{\376\377\0000\000.\0002\0005\0003\000\040\000\050\0002\0000\0001\0008\000-\0000\0006\000-\0002\0002\000\051}{section.2.4}% 434
\BOOKMARK [2][-]{subsection.2.4.412}{\376\377\0000\000.\0002\000.\0000\0005\0002\000\040\000\050\0002\0000\0001\0008\000-\0000\0006\000-\0002\0001\000\051}{section.2.4}% 435
\BOOKMARK [2][-]{subsection.2.4.413}{\376\377\0000\000.\0002\000.\0000\0005\0001\000\040\000\050\0002\0000\0001\0008\000-\0000\0006\000-\0002\0000\000\051}{section.2.4}% 436
\BOOKMARK [2][-]{subsection.2.4.414}{\376\377\0000\000.\0002\000.\0000\0004\0009\000\040\000\050\0002\0000\0001\0008\000-\0000\0006\000-\0001\0009\000\051}{section.2.4}% 437
\BOOKMARK [2][-]{subsection.2.4.415}{\376\377\0000\000.\0002\000.\0000\0005\0000\000\040\000\050\0002\0000\0001\0008\000-\0000\0006\000-\0001\0009\000\051}{section.2.4}% 438
\BOOKMARK [2][-]{subsection.2.4.416}{\376\377\0000\000.\0002\000.\0000\0004\0008\000\040\000\050\0002\0000\0001\0008\000-\0000\0006\000-\0001\0008\000\051}{section.2.4}% 439
\BOOKMARK [2][-]{subsection.2.4.417}{\376\377\0000\000.\0002\000.\0000\0004\0006\000\040\000\050\0002\0000\0001\0008\000-\0000\0006\000-\0001\0005\000\051}{section.2.4}% 440
\BOOKMARK [2][-]{subsection.2.4.418}{\376\377\0000\000.\0002\000.\0000\0004\0007\000\040\000\050\0002\0000\0001\0008\000-\0000\0006\000-\0001\0005\000\051}{section.2.4}% 441
\BOOKMARK [2][-]{subsection.2.4.419}{\376\377\0000\000.\0002\000.\0000\0004\0005\000\040\000\050\0002\0000\0001\0008\000-\0000\0006\000-\0001\0004\000\051}{section.2.4}% 442
\BOOKMARK [2][-]{subsection.2.4.420}{\376\377\0000\000.\0002\000.\0000\0004\0004\000\040\000\050\0002\0000\0001\0008\000-\0000\0006\000-\0001\0003\000\051}{section.2.4}% 443
\BOOKMARK [2][-]{subsection.2.4.421}{\376\377\0000\000.\0002\000.\0000\0004\0003\000\040\000\050\0002\0000\0001\0008\000-\0000\0006\000-\0001\0002\000\051}{section.2.4}% 444
\BOOKMARK [2][-]{subsection.2.4.422}{\376\377\0000\000.\0002\000.\0000\0004\0001\000\040\000\050\0002\0000\0001\0008\000-\0000\0006\000-\0001\0001\000\051}{section.2.4}% 445
\BOOKMARK [2][-]{subsection.2.4.423}{\376\377\0000\000.\0002\000.\0000\0003\0009\000\040\000\050\0002\0000\0001\0008\000-\0000\0006\000-\0000\0008\000\051}{section.2.4}% 446
\BOOKMARK [2][-]{subsection.2.4.424}{\376\377\0000\000.\0002\000.\0000\0003\0006\000\040\000\050\0002\0000\0001\0008\000-\0000\0006\000-\0000\0007\000\051}{section.2.4}% 447
\BOOKMARK [2][-]{subsection.2.4.425}{\376\377\0000\000.\0002\000.\0000\0003\0007\000\040\000\050\0002\0000\0001\0008\000-\0000\0006\000-\0000\0007\000\051}{section.2.4}% 448
\BOOKMARK [2][-]{subsection.2.4.426}{\376\377\0000\000.\0002\000.\0000\0003\0005\000\040\000\050\0002\0000\0001\0008\000-\0000\0005\000-\0002\0009\000\051}{section.2.4}% 449
\BOOKMARK [2][-]{subsection.2.4.427}{\376\377\0000\000.\0002\000.\0000\0003\0004\000\040\000\050\0002\0000\0001\0008\000-\0000\0005\000-\0002\0008\000\051}{section.2.4}% 450
\BOOKMARK [2][-]{subsection.2.4.428}{\376\377\0000\000.\0002\000.\0000\0003\0003\000\040\000\050\0002\0000\0001\0008\000-\0000\0005\000-\0002\0006\000\051}{section.2.4}% 451
\BOOKMARK [2][-]{subsection.2.4.429}{\376\377\0000\000.\0002\000.\0000\0002\0009\000\040\000\050\0002\0000\0001\0008\000-\0000\0005\000-\0002\0005\000\051}{section.2.4}% 452
\BOOKMARK [2][-]{subsection.2.4.430}{\376\377\0000\000.\0002\000.\0000\0003\0000\000\040\000\050\0002\0000\0001\0008\000-\0000\0005\000-\0002\0005\000\051}{section.2.4}% 453
\BOOKMARK [2][-]{subsection.2.4.431}{\376\377\0000\000.\0002\000.\0000\0003\0001\000\040\000\050\0002\0000\0001\0008\000-\0000\0005\000-\0002\0005\000\051}{section.2.4}% 454
\BOOKMARK [2][-]{subsection.2.4.432}{\376\377\0000\000.\0002\000.\0000\0002\0006\000\040\000\050\0002\0000\0001\0008\000-\0000\0005\000-\0001\0008\000\051}{section.2.4}% 455
\BOOKMARK [2][-]{subsection.2.4.433}{\376\377\0000\000.\0002\000.\0000\0002\0007\000\040\000\050\0002\0000\0001\0008\000-\0000\0005\000-\0001\0008\000\051}{section.2.4}% 456
\BOOKMARK [2][-]{subsection.2.4.434}{\376\377\0000\000.\0002\000.\0000\0002\0005\000\040\000\050\0002\0000\0001\0008\000-\0000\0005\000-\0001\0007\000\051}{section.2.4}% 457
\BOOKMARK [2][-]{subsection.2.4.435}{\376\377\0000\000.\0002\000.\0000\0002\0004\000\040\000\050\0002\0000\0001\0008\000-\0000\0005\000-\0001\0006\000\051}{section.2.4}% 458
\BOOKMARK [2][-]{subsection.2.4.436}{\376\377\0000\000.\0002\000.\0000\0002\0003\000\040\000\050\0002\0000\0001\0008\000-\0000\0005\000-\0001\0005\000\051}{section.2.4}% 459
\BOOKMARK [2][-]{subsection.2.4.437}{\376\377\0000\000.\0002\000.\0000\0002\0002\000\040\000\050\0002\0000\0001\0008\000-\0000\0005\000-\0001\0004\000\051}{section.2.4}% 460
\BOOKMARK [2][-]{subsection.2.4.438}{\376\377\0000\000.\0002\000.\0000\0002\0001\000\040\000\050\0002\0000\0001\0008\000-\0000\0005\000-\0001\0002\000\051}{section.2.4}% 461
\BOOKMARK [2][-]{subsection.2.4.439}{\376\377\0000\000.\0002\000.\0000\0001\0009\000\040\000\050\0002\0000\0001\0008\000-\0000\0005\000-\0000\0009\000\051}{section.2.4}% 462
\BOOKMARK [2][-]{subsection.2.4.440}{\376\377\0000\000.\0002\000.\0000\0002\0000\000\040\000\050\0002\0000\0001\0008\000-\0000\0005\000-\0000\0009\000\051}{section.2.4}% 463
\BOOKMARK [2][-]{subsection.2.4.441}{\376\377\0000\000.\0002\000.\0000\0001\0008\000\040\000\050\0002\0000\0001\0008\000-\0000\0005\000-\0000\0007\000\051}{section.2.4}% 464
\BOOKMARK [2][-]{subsection.2.4.442}{\376\377\0000\000.\0002\000.\0000\0001\0007\000\040\000\050\0002\0000\0001\0008\000-\0000\0005\000-\0000\0004\000\051}{section.2.4}% 465
\BOOKMARK [2][-]{subsection.2.4.443}{\376\377\0000\000.\0002\000.\0000\0001\0006\000\040\000\050\0002\0000\0001\0008\000-\0000\0005\000-\0000\0003\000\051}{section.2.4}% 466
\BOOKMARK [2][-]{subsection.2.4.444}{\376\377\0000\000.\0002\000.\0000\0001\0005\000\040\000\050\0002\0000\0001\0008\000-\0000\0005\000-\0000\0002\000\051}{section.2.4}% 467
\BOOKMARK [2][-]{subsection.2.4.445}{\376\377\0000\000.\0002\000.\0000\0001\0004\000\040\000\050\0002\0000\0001\0008\000-\0000\0005\000-\0000\0001\000\051}{section.2.4}% 468
\BOOKMARK [2][-]{subsection.2.4.446}{\376\377\0000\000.\0002\000.\0000\0001\0002\000\040\000\050\0002\0000\0001\0008\000-\0000\0004\000-\0003\0000\000\051}{section.2.4}% 469
\BOOKMARK [2][-]{subsection.2.4.447}{\376\377\0000\000.\0002\000.\0000\0001\0003\000\040\000\050\0002\0000\0001\0008\000-\0000\0004\000-\0003\0000\000\051}{section.2.4}% 470
\BOOKMARK [2][-]{subsection.2.4.448}{\376\377\0000\000.\0002\000.\0000\0000\0009\000\040\000\050\0002\0000\0001\0008\000-\0000\0004\000-\0002\0007\000\051}{section.2.4}% 471
\BOOKMARK [2][-]{subsection.2.4.449}{\376\377\0000\000.\0002\000.\0000\0001\0000\000\040\000\050\0002\0000\0001\0008\000-\0000\0004\000-\0002\0007\000\051}{section.2.4}% 472
\BOOKMARK [2][-]{subsection.2.4.450}{\376\377\0000\000.\0002\000.\0000\0001\0001\000\040\000\050\0002\0000\0001\0008\000-\0000\0004\000-\0002\0007\000\051}{section.2.4}% 473
\BOOKMARK [2][-]{subsection.2.4.451}{\376\377\0000\000.\0002\000.\0000\0000\0008\000\040\000\050\0002\0000\0001\0008\000-\0000\0004\000-\0002\0006\000\051}{section.2.4}% 474
\BOOKMARK [2][-]{subsection.2.4.452}{\376\377\0000\000.\0002\000.\0000\0000\0007\000\040\000\050\0002\0000\0001\0008\000-\0000\0004\000-\0002\0005\000\051}{section.2.4}% 475
\BOOKMARK [2][-]{subsection.2.4.453}{\376\377\0000\000.\0002\000.\0000\0000\0009\0007\000\040\000\050\0002\0000\0001\0008\000-\0000\0004\000-\0002\0005\000\051}{section.2.4}% 476
\BOOKMARK [2][-]{subsection.2.4.454}{\376\377\0000\000.\0002\000.\0000\0000\0006\000\040\000\050\0002\0000\0001\0008\000-\0000\0004\000-\0002\0003\000\051}{section.2.4}% 477
\BOOKMARK [2][-]{subsection.2.4.455}{\376\377\0000\000.\0002\000.\0000\0000\0005\000\040\000\050\0002\0000\0001\0008\000-\0000\0004\000-\0002\0000\000\051}{section.2.4}% 478
\BOOKMARK [2][-]{subsection.2.4.456}{\376\377\0000\000.\0002\000.\0000\0000\0004\000\040\000\050\0002\0000\0001\0008\000-\0000\0004\000-\0001\0009\000\051}{section.2.4}% 479
\BOOKMARK [2][-]{subsection.2.4.457}{\376\377\0000\000.\0002\000.\0000\0000\0003\000\040\000\050\0002\0000\0001\0008\000-\0000\0004\000-\0001\0008\000\051}{section.2.4}% 480
\BOOKMARK [2][-]{subsection.2.4.458}{\376\377\0000\000.\0002\000.\0000\0000\0001\000\040\000\050\0002\0000\0001\0008\000-\0000\0004\000-\0001\0007\000\051}{section.2.4}% 481
\BOOKMARK [2][-]{subsection.2.4.459}{\376\377\0000\000.\0002\000.\0000\0000\0002\000\040\000\050\0002\0000\0001\0008\000-\0000\0004\000-\0001\0007\000\051}{section.2.4}% 482
\BOOKMARK [2][-]{subsection.2.4.460}{\376\377\0000\000.\0001\000.\0000\0003\0007\000\040\000\050\0002\0000\0001\0008\000-\0000\0004\000-\0001\0006\000\051}{section.2.4}% 483
\BOOKMARK [2][-]{subsection.2.4.461}{\376\377\0000\000.\0001\000.\0000\0003\0006\000\040\000\050\0002\0000\0001\0008\000-\0000\0004\000-\0001\0003\000\051}{section.2.4}% 484
\BOOKMARK [2][-]{subsection.2.4.462}{\376\377\0000\000.\0001\000.\0000\0003\0005\000\040\000\050\0002\0000\0001\0008\000-\0000\0004\000-\0001\0002\000\051}{section.2.4}% 485
\BOOKMARK [2][-]{subsection.2.4.463}{\376\377\0000\000.\0001\000.\0000\0003\0004\0009\000\040\000\050\0002\0000\0001\0008\000-\0000\0004\000-\0001\0001\000\051}{section.2.4}% 486
\BOOKMARK [2][-]{subsection.2.4.464}{\376\377\0000\000.\0001\000.\0000\0003\0004\0008\000\040\000\050\0002\0000\0001\0008\000-\0000\0004\000-\0000\0009\000\051}{section.2.4}% 487
\BOOKMARK [2][-]{subsection.2.4.465}{\376\377\0000\000.\0001\000.\0000\0003\0004\0006\000\040\000\050\0002\0000\0001\0008\000-\0000\0004\000-\0000\0006\000\051}{section.2.4}% 488
\BOOKMARK [2][-]{subsection.2.4.466}{\376\377\0000\000.\0001\000.\0000\0003\0004\0004\000\040\000\050\0002\0000\0001\0008\000-\0000\0004\000-\0000\0005\000\051}{section.2.4}% 489
\BOOKMARK [2][-]{subsection.2.4.467}{\376\377\0000\000.\0001\000.\0000\0003\0004\0002\000\040\000\050\0002\0000\0001\0008\000-\0000\0003\000-\0002\0008\000\051}{section.2.4}% 490
\BOOKMARK [2][-]{subsection.2.4.468}{\376\377\0000\000.\0001\000.\0000\0003\0004\000\040\000\050\0002\0000\0001\0008\000-\0000\0003\000-\0002\0005\000\051}{section.2.4}% 491
\BOOKMARK [2][-]{subsection.2.4.469}{\376\377\0000\000.\0001\000.\0000\0003\0003\000\040\000\050\0002\0000\0001\0008\000-\0000\0003\000-\0002\0002\000\051}{section.2.4}% 492
\BOOKMARK [2][-]{subsection.2.4.470}{\376\377\0000\000.\0001\000.\0000\0003\0002\000\040\000\050\0002\0000\0001\0008\000-\0000\0003\000-\0001\0009\000\051}{section.2.4}% 493
\BOOKMARK [2][-]{subsection.2.4.471}{\376\377\0000\000.\0001\000.\0000\0003\0001\000\040\000\050\0002\0000\0001\0008\000-\0000\0003\000-\0001\0004\000\051}{section.2.4}% 494
\BOOKMARK [2][-]{subsection.2.4.472}{\376\377\0000\000.\0001\000.\0000\0003\0000\000\040\000\050\0002\0000\0001\0008\000-\0000\0003\000-\0001\0003\000\051}{section.2.4}% 495
\BOOKMARK [2][-]{subsection.2.4.473}{\376\377\0000\000.\0001\000.\0000\0002\0009\000\040\000\050\0002\0000\0001\0008\000-\0000\0003\000-\0000\0007\000\051}{section.2.4}% 496
\BOOKMARK [2][-]{subsection.2.4.474}{\376\377\0000\000.\0001\000.\0000\0002\0008\000\040\000\050\0002\0000\0001\0008\000-\0000\0003\000-\0000\0006\000\051}{section.2.4}% 497
\BOOKMARK [2][-]{subsection.2.4.475}{\376\377\0000\000.\0001\000.\0000\0002\0007\000\040\000\050\0002\0000\0001\0008\000-\0000\0003\000-\0000\0001\000\051}{section.2.4}% 498
\BOOKMARK [2][-]{subsection.2.4.476}{\376\377\0000\000.\0001\000.\0000\0002\0006\000\040\000\050\0002\0000\0001\0008\000-\0000\0002\000-\0002\0007\000\051}{section.2.4}% 499
\BOOKMARK [2][-]{subsection.2.4.477}{\376\377\0000\000.\0001\000.\0000\0002\0005\000\040\000\050\0002\0000\0001\0008\000-\0000\0002\000-\0002\0006\000\051}{section.2.4}% 500
\BOOKMARK [2][-]{subsection.2.4.478}{\376\377\0000\000.\0001\000.\0000\0002\0004\000\040\000\050\0002\0000\0001\0008\000-\0000\0002\000-\0002\0003\000\051}{section.2.4}% 501
\BOOKMARK [2][-]{subsection.2.4.479}{\376\377\0000\000.\0001\000.\0000\0002\0003\000\040\000\050\0002\0000\0001\0008\000-\0000\0002\000-\0002\0001\000\051}{section.2.4}% 502
\BOOKMARK [2][-]{subsection.2.4.480}{\376\377\0000\000.\0001\000.\0000\0002\0002\000\040\000\050\0002\0000\0001\0008\000-\0000\0002\000-\0002\0000\000\051}{section.2.4}% 503
\BOOKMARK [2][-]{subsection.2.4.481}{\376\377\0000\000.\0001\000.\0000\0002\0001\000\040\000\050\0002\0000\0001\0008\000-\0000\0002\000-\0001\0009\000\051}{section.2.4}% 504
\BOOKMARK [2][-]{subsection.2.4.482}{\376\377\0000\000.\0001\000.\0000\0002\0000\000\040\000\050\0002\0000\0001\0008\000-\0000\0002\000-\0001\0006\000\051}{section.2.4}% 505
\BOOKMARK [2][-]{subsection.2.4.483}{\376\377\0000\000.\0001\000.\0000\0001\0009\000\040\000\050\0002\0000\0001\0008\000-\0000\0002\000-\0001\0005\000\051}{section.2.4}% 506
\BOOKMARK [2][-]{subsection.2.4.484}{\376\377\0000\000.\0001\000.\0000\0001\0008\000\040\000\050\0002\0000\0001\0008\000-\0000\0002\000-\0001\0004\000\051}{section.2.4}% 507
\BOOKMARK [2][-]{subsection.2.4.485}{\376\377\0000\000.\0001\000.\0000\0001\0007\000\040\000\050\0002\0000\0001\0008\000-\0000\0002\000-\0001\0003\000\051}{section.2.4}% 508
\BOOKMARK [2][-]{subsection.2.4.486}{\376\377\0000\000.\0001\000.\0000\0001\0006\000\040\000\050\0002\0000\0001\0008\000-\0000\0002\000-\0001\0002\000\051}{section.2.4}% 509
\BOOKMARK [2][-]{subsection.2.4.487}{\376\377\0000\000.\0001\000.\0000\0001\0005\000\040\000\050\0002\0000\0001\0008\000-\0000\0002\000-\0000\0009\000\051}{section.2.4}% 510
\BOOKMARK [2][-]{subsection.2.4.488}{\376\377\0000\000.\0001\000.\0000\0001\0004\000\040\000\050\0002\0000\0001\0008\000-\0000\0002\000-\0000\0007\000\051}{section.2.4}% 511
\BOOKMARK [2][-]{subsection.2.4.489}{\376\377\0000\000.\0001\000.\0000\0001\0003\000\040\000\050\0002\0000\0001\0008\000-\0000\0002\000-\0000\0006\000\051}{section.2.4}% 512
\BOOKMARK [2][-]{subsection.2.4.490}{\376\377\0000\000.\0001\000.\0000\0001\0002\000\040\000\050\0002\0000\0001\0008\000-\0000\0002\000-\0000\0005\000\051}{section.2.4}% 513
\BOOKMARK [2][-]{subsection.2.4.491}{\376\377\0000\000.\0001\000.\0000\0001\0001\000\040\000\050\0002\0000\0001\0008\000-\0000\0002\000-\0000\0002\000\051}{section.2.4}% 514
\BOOKMARK [2][-]{subsection.2.4.492}{\376\377\0000\000.\0001\000.\0000\0001\0000\000\040\000\050\0002\0000\0001\0008\000-\0000\0002\000-\0000\0001\000\051}{section.2.4}% 515
\BOOKMARK [2][-]{subsection.2.4.493}{\376\377\0000\000.\0001\000.\0000\0000\0009\000\040\000\050\0002\0000\0001\0008\000-\0000\0001\000-\0003\0001\000\051}{section.2.4}% 516
\BOOKMARK [2][-]{subsection.2.4.494}{\376\377\0000\000.\0001\000.\0000\0000\0008\000\040\000\050\0002\0000\0001\0008\000-\0000\0001\000-\0003\0000\000\051}{section.2.4}% 517
\BOOKMARK [2][-]{subsection.2.4.495}{\376\377\0000\000.\0001\000.\0000\0000\0007\000\040\000\050\0002\0000\0001\0008\000-\0000\0001\000-\0002\0009\000\051}{section.2.4}% 518
\BOOKMARK [2][-]{subsection.2.4.496}{\376\377\0000\000.\0001\000.\0000\0000\0006\000\040\000\050\0002\0000\0001\0008\000-\0000\0001\000-\0002\0006\000\051}{section.2.4}% 519
\BOOKMARK [2][-]{subsection.2.4.497}{\376\377\0000\000.\0001\000.\0000\0000\0005\000\040\000\050\0002\0000\0001\0008\000-\0000\0001\000-\0002\0004\000\051}{section.2.4}% 520
\BOOKMARK [2][-]{subsection.2.4.498}{\376\377\0000\000.\0001\000.\0000\0000\0004\000\040\000\050\0002\0000\0001\0008\000-\0000\0001\000-\0002\0002\000\051}{section.2.4}% 521
\BOOKMARK [2][-]{subsection.2.4.499}{\376\377\0000\000.\0001\000.\0000\0000\0003\000\040\000\050\0002\0000\0001\0008\000-\0000\0001\000-\0001\0006\000\051}{section.2.4}% 522
\BOOKMARK [2][-]{subsection.2.4.500}{\376\377\0000\000.\0001\000.\0000\0000\0002\000\040\000\050\0002\0000\0001\0008\000-\0000\0001\000-\0001\0002\000\051}{section.2.4}% 523
\BOOKMARK [2][-]{subsection.2.4.501}{\376\377\0000\000.\0001\000.\0000\0000\0001\000\040\000\050\0002\0000\0001\0008\000-\0000\0001\000-\0001\0001\000\051}{section.2.4}% 524
\BOOKMARK [2][-]{subsection.2.4.502}{\376\377\0000\000.\0001\000.\0000\0000\0000\000\040\000\050\0002\0000\0001\0008\000-\0000\0001\000-\0001\0000\000\051}{section.2.4}% 525
\BOOKMARK [2][-]{subsection.2.4.503}{\376\377\0000\000.\0000\000.\0000\0004\0008\000\040\000\050\0002\0000\0001\0008\000-\0000\0001\000-\0000\0009\000\051}{section.2.4}% 526
\BOOKMARK [2][-]{subsection.2.4.504}{\376\377\0000\000.\0000\000.\0000\0004\0006\000\040\000\050\0002\0000\0001\0008\000-\0000\0001\000-\0000\0008\000\051}{section.2.4}% 527
\BOOKMARK [2][-]{subsection.2.4.505}{\376\377\0000\000.\0000\000.\0000\0004\0005\000\040\000\050\0002\0000\0001\0007\000-\0001\0002\000-\0002\0001\000\051}{section.2.4}% 528
\BOOKMARK [2][-]{subsection.2.4.506}{\376\377\0000\000.\0000\000.\0000\0004\0004\000\040\000\050\0002\0000\0001\0007\000-\0001\0002\000-\0002\0000\000\051}{section.2.4}% 529
\BOOKMARK [2][-]{subsection.2.4.507}{\376\377\0000\000.\0000\000.\0000\0004\0003\000\040\000\050\0002\0000\0001\0007\000-\0001\0002\000-\0001\0009\000\051}{section.2.4}% 530
\BOOKMARK [2][-]{subsection.2.4.508}{\376\377\0000\000.\0000\000.\0000\0004\0002\000\040\000\050\0002\0000\0001\0007\000-\0001\0002\000-\0001\0008\000\051}{section.2.4}% 531
\BOOKMARK [2][-]{subsection.2.4.509}{\376\377\0000\000.\0000\000.\0000\0004\0001\000\040\000\050\0002\0000\0001\0007\000-\0001\0002\000-\0001\0004\000\051}{section.2.4}% 532
\BOOKMARK [2][-]{subsection.2.4.510}{\376\377\0000\000.\0000\000.\0000\0004\0000\000\040\000\050\0002\0000\0001\0007\000-\0001\0002\000-\0001\0003\000\051}{section.2.4}% 533
\BOOKMARK [2][-]{subsection.2.4.511}{\376\377\0000\000.\0000\000.\0000\0003\0009\000\040\000\050\0002\0000\0001\0007\000-\0001\0002\000-\0001\0002\000\051}{section.2.4}% 534
\BOOKMARK [2][-]{subsection.2.4.512}{\376\377\0000\000.\0000\000.\0000\0003\0008\000\040\000\050\0002\0000\0001\0007\000-\0001\0002\000-\0001\0001\000\051}{section.2.4}% 535
\BOOKMARK [2][-]{subsection.2.4.513}{\376\377\0000\000.\0000\000.\0000\0003\0007\000\040\000\050\0002\0000\0001\0007\000-\0001\0002\000-\0000\0008\000\051}{section.2.4}% 536
\BOOKMARK [2][-]{subsection.2.4.514}{\376\377\0000\000.\0000\000.\0000\0003\0006\000\040\000\050\0002\0000\0001\0007\000-\0001\0002\000-\0000\0007\000\051}{section.2.4}% 537
\BOOKMARK [2][-]{subsection.2.4.515}{\376\377\0000\000.\0000\000.\0000\0003\0005\000\040\000\050\0002\0000\0001\0007\000-\0001\0002\000-\0000\0006\000\051}{section.2.4}% 538
\BOOKMARK [2][-]{subsection.2.4.516}{\376\377\0000\000.\0000\000.\0000\0003\0004\000\040\000\050\0002\0000\0001\0007\000-\0001\0002\000-\0000\0005\000\051}{section.2.4}% 539
\BOOKMARK [2][-]{subsection.2.4.517}{\376\377\0000\000.\0000\000.\0000\0003\0003\000\040\000\050\0002\0000\0001\0007\000-\0001\0002\000-\0000\0004\000\051}{section.2.4}% 540
\BOOKMARK [2][-]{subsection.2.4.518}{\376\377\0000\000.\0000\000.\0000\0003\0002\000\040\000\050\0002\0000\0001\0007\000-\0001\0002\000-\0000\0001\000\051}{section.2.4}% 541
\BOOKMARK [2][-]{subsection.2.4.519}{\376\377\0000\000.\0000\000.\0000\0003\0001\000\040\000\050\0002\0000\0001\0007\000-\0001\0001\000-\0003\0000\000\051}{section.2.4}% 542
\BOOKMARK [2][-]{subsection.2.4.520}{\376\377\0000\000.\0000\000.\0000\0003\0000\000\040\000\050\0002\0000\0001\0007\000-\0001\0001\000-\0002\0009\000\051}{section.2.4}% 543
\BOOKMARK [2][-]{subsection.2.4.521}{\376\377\0000\000.\0000\000.\0000\0002\0009\000\040\000\050\0002\0000\0001\0007\000-\0001\0001\000-\0002\0008\000\051}{section.2.4}% 544
\BOOKMARK [2][-]{subsection.2.4.522}{\376\377\0000\000.\0000\000.\0000\0002\0008\000\040\000\050\0002\0000\0001\0007\000-\0001\0001\000-\0002\0007\000\051}{section.2.4}% 545
\BOOKMARK [2][-]{subsection.2.4.523}{\376\377\0000\000.\0000\000.\0000\0002\0007\000\040\000\050\0002\0000\0001\0007\000-\0001\0001\000-\0002\0004\000\051}{section.2.4}% 546
\BOOKMARK [2][-]{subsection.2.4.524}{\376\377\0000\000.\0000\000.\0000\0002\0006\000\040\000\050\0002\0000\0001\0007\000-\0001\0001\000-\0002\0003\000\051}{section.2.4}% 547
\BOOKMARK [2][-]{subsection.2.4.525}{\376\377\0000\000.\0000\000.\0000\0002\0005\000\040\000\050\0002\0000\0001\0007\000-\0001\0001\000-\0002\0002\000\051}{section.2.4}% 548
\BOOKMARK [2][-]{subsection.2.4.526}{\376\377\0000\000.\0000\000.\0000\0002\0004\000\040\000\050\0002\0000\0001\0007\000-\0001\0001\000-\0002\0001\000\051}{section.2.4}% 549
\BOOKMARK [2][-]{subsection.2.4.527}{\376\377\0000\000.\0000\000.\0000\0002\0003\000\040\000\050\0002\0000\0001\0007\000-\0001\0001\000-\0002\0000\000\051}{section.2.4}% 550
\BOOKMARK [2][-]{subsection.2.4.528}{\376\377\0000\000.\0000\000.\0000\0002\0001\000\040\000\050\0002\0000\0001\0007\000-\0001\0001\000-\0001\0007\000\051}{section.2.4}% 551
\BOOKMARK [2][-]{subsection.2.4.529}{\376\377\0000\000.\0000\000.\0000\0002\0000\000\040\000\050\0002\0000\0001\0007\000-\0001\0001\000-\0001\0006\000\051}{section.2.4}% 552
\BOOKMARK [2][-]{subsection.2.4.530}{\376\377\0000\000.\0000\000.\0000\0001\0009\000\040\000\050\0002\0000\0001\0007\000-\0001\0001\000-\0001\0005\000\051}{section.2.4}% 553
\BOOKMARK [2][-]{subsection.2.4.531}{\376\377\0000\000.\0000\000.\0000\0001\0008\000\040\000\050\0002\0000\0001\0007\000-\0001\0001\000-\0001\0004\000\051}{section.2.4}% 554
\BOOKMARK [2][-]{subsection.2.4.532}{\376\377\0000\000.\0000\000.\0000\0001\0007\000\040\000\050\0002\0000\0001\0007\000-\0001\0001\000-\0001\0003\000\051}{section.2.4}% 555
\BOOKMARK [2][-]{subsection.2.4.533}{\376\377\0000\000.\0000\000.\0000\0001\0006\000\040\000\050\0002\0000\0001\0007\000-\0001\0001\000-\0001\0000\000\051}{section.2.4}% 556
\BOOKMARK [2][-]{subsection.2.4.534}{\376\377\0000\000.\0000\000.\0000\0001\0005\000\040\000\050\0002\0000\0001\0007\000-\0001\0001\000-\0000\0009\000\051}{section.2.4}% 557
\BOOKMARK [2][-]{subsection.2.4.535}{\376\377\0000\000.\0000\000.\0000\0001\0004\000\040\000\050\0002\0000\0001\0007\000-\0001\0001\000-\0000\0008\000\051}{section.2.4}% 558
\BOOKMARK [2][-]{subsection.2.4.536}{\376\377\0000\000.\0000\000.\0000\0001\0003\000\040\000\050\0002\0000\0001\0007\000-\0001\0001\000-\0000\0007\000\051}{section.2.4}% 559
\BOOKMARK [2][-]{subsection.2.4.537}{\376\377\0000\000.\0000\000.\0000\0001\0002\000\040\000\050\0002\0000\0001\0007\000-\0001\0001\000-\0000\0003\000\051}{section.2.4}% 560
\BOOKMARK [2][-]{subsection.2.4.538}{\376\377\0000\000.\0000\000.\0000\0001\0001\000\040\000\050\0002\0000\0001\0007\000-\0001\0001\000-\0000\0002\000\051}{section.2.4}% 561
\BOOKMARK [2][-]{subsection.2.4.539}{\376\377\0000\000.\0000\000.\0000\0001\0000\000\040\000\050\0002\0000\0001\0007\000-\0001\0001\000-\0000\0001\000\051}{section.2.4}% 562
\BOOKMARK [2][-]{subsection.2.4.540}{\376\377\0000\000.\0000\000.\0000\0000\0009\000\040\000\050\0002\0000\0001\0007\000-\0001\0000\000-\0003\0001\000\051}{section.2.4}% 563
\BOOKMARK [2][-]{subsection.2.4.541}{\376\377\0000\000.\0000\000.\0000\0000\0008\000\040\000\050\0002\0000\0001\0007\000-\0001\0000\000-\0003\0000\000\051}{section.2.4}% 564
\BOOKMARK [2][-]{subsection.2.4.542}{\376\377\0000\000.\0000\000.\0000\0000\0007\000\040\000\050\0002\0000\0001\0007\000-\0001\0000\000-\0002\0007\000\051}{section.2.4}% 565
\BOOKMARK [2][-]{subsection.2.4.543}{\376\377\0000\000.\0000\000.\0000\0000\0006\000\040\000\050\0002\0000\0001\0007\000-\0001\0000\000-\0002\0006\000\051}{section.2.4}% 566
\BOOKMARK [2][-]{subsection.2.4.544}{\376\377\0000\000.\0000\000.\0000\0000\0005\000\040\000\050\0002\0000\0001\0007\000-\0001\0000\000-\0002\0005\000\051}{section.2.4}% 567
\BOOKMARK [2][-]{subsection.2.4.545}{\376\377\0000\000.\0000\000.\0000\0000\0004\000\040\000\050\0002\0000\0001\0007\000-\0001\0000\000-\0002\0004\000\051}{section.2.4}% 568
\BOOKMARK [2][-]{subsection.2.4.546}{\376\377\0000\000.\0000\000.\0000\0000\0003\000\040\000\050\0002\0000\0001\0007\000-\0001\0000\000-\0001\0006\000\051}{section.2.4}% 569
\BOOKMARK [2][-]{subsection.2.4.547}{\376\377\0000\000.\0000\000.\0000\0000\0002\000\040\000\050\0002\0000\0001\0007\000-\0001\0000\000-\0001\0003\000\051}{section.2.4}% 570
\BOOKMARK [2][-]{subsection.2.4.548}{\376\377\0000\000.\0000\000.\0000\0000\0001\000\040\000\050\0002\0000\0001\0007\000-\0001\0000\000-\0001\0002\000\051}{section.2.4}% 571
